{"/tmp/npmtest/node-npmtest-grunt-bower-concat/test.js":{"path":"/tmp/npmtest/node-npmtest-grunt-bower-concat/test.js","s":{"1":2,"2":2,"3":2,"4":2,"5":2,"6":2,"7":2,"8":1,"9":2,"10":2,"11":1,"12":1,"13":1,"14":1,"15":2,"16":2,"17":2,"18":2,"19":1,"20":1,"21":2,"22":2,"23":2,"24":1,"25":1,"26":1,"27":1,"28":1,"29":1,"30":1,"31":1,"32":1,"33":1,"34":1,"35":1,"36":1,"37":1,"38":1,"39":2,"40":2,"41":1,"42":2,"43":2,"44":1,"45":2,"46":2,"47":1,"48":2,"49":2,"50":1,"51":1,"52":1,"53":1,"54":1},"b":{"1":[2,1,1,1],"2":[1,1,1,1],"3":[1,1],"4":[1,1],"5":[1,1],"6":[1,1],"7":[1,1],"8":[1,1],"9":[1,1],"10":[1,1,1],"11":[1,1],"12":[1,1],"13":[1,1],"14":[1,1],"15":[1,1],"16":[1,1],"17":[1,1]},"f":{"1":2,"2":2,"3":2,"4":2,"5":2,"6":1,"7":1,"8":1,"9":2,"10":2,"11":2,"12":2,"13":1},"fnMap":{"1":{"name":"(anonymous_1)","line":12,"loc":{"start":{"line":12,"column":1},"end":{"line":12,"column":13}}},"2":{"name":"(anonymous_2)","line":19,"loc":{"start":{"line":19,"column":5},"end":{"line":19,"column":17}}},"3":{"name":"(anonymous_3)","line":23,"loc":{"start":{"line":23,"column":24},"end":{"line":23,"column":36}}},"4":{"name":"(anonymous_4)","line":61,"loc":{"start":{"line":61,"column":5},"end":{"line":61,"column":17}}},"5":{"name":"(anonymous_5)","line":82,"loc":{"start":{"line":82,"column":5},"end":{"line":82,"column":17}}},"6":{"name":"(anonymous_6)","line":91,"loc":{"start":{"line":91,"column":77},"end":{"line":94,"column":10}}},"7":{"name":"(anonymous_7)","line":112,"loc":{"start":{"line":112,"column":83},"end":{"line":115,"column":10}},"skip":true},"8":{"name":"(anonymous_8)","line":123,"loc":{"start":{"line":123,"column":77},"end":{"line":126,"column":10}},"skip":true},"9":{"name":"(anonymous_9)","line":139,"loc":{"start":{"line":139,"column":12},"end":{"line":139,"column":40}},"skip":true},"10":{"name":"(anonymous_10)","line":147,"loc":{"start":{"line":147,"column":77},"end":{"line":150,"column":10}},"skip":true},"11":{"name":"(anonymous_11)","line":158,"loc":{"start":{"line":158,"column":83},"end":{"line":161,"column":10}},"skip":true},"12":{"name":"(anonymous_12)","line":169,"loc":{"start":{"line":169,"column":79},"end":{"line":172,"column":10}},"skip":true},"13":{"name":"(anonymous_13)","line":180,"loc":{"start":{"line":180,"column":75},"end":{"line":183,"column":10}},"skip":true}},"statementMap":{"1":{"start":{"line":12,"column":0},"end":{"line":195,"column":5}},"2":{"start":{"line":14,"column":4},"end":{"line":14,"column":14}},"3":{"start":{"line":19,"column":4},"end":{"line":56,"column":9}},"4":{"start":{"line":21,"column":8},"end":{"line":21,"column":19}},"5":{"start":{"line":23,"column":8},"end":{"line":35,"column":13}},"6":{"start":{"line":24,"column":12},"end":{"line":34,"column":13}},"7":{"start":{"line":25,"column":16},"end":{"line":28,"column":30}},"8":{"start":{"line":30,"column":16},"end":{"line":33,"column":27}},"9":{"start":{"line":37,"column":8},"end":{"line":39,"column":21}},"10":{"start":{"line":40,"column":8},"end":{"line":53,"column":9}},"11":{"start":{"line":43,"column":12},"end":{"line":46,"column":14}},"12":{"start":{"line":47,"column":12},"end":{"line":47,"column":18}},"13":{"start":{"line":50,"column":12},"end":{"line":51,"column":33}},"14":{"start":{"line":52,"column":12},"end":{"line":52,"column":18}},"15":{"start":{"line":55,"column":8},"end":{"line":55,"column":35}},"16":{"start":{"line":61,"column":4},"end":{"line":63,"column":9}},"17":{"start":{"line":62,"column":8},"end":{"line":62,"column":15}},"18":{"start":{"line":64,"column":4},"end":{"line":77,"column":5}},"19":{"start":{"line":70,"column":8},"end":{"line":70,"column":14}},"20":{"start":{"line":76,"column":8},"end":{"line":76,"column":14}},"21":{"start":{"line":82,"column":4},"end":{"line":84,"column":9}},"22":{"start":{"line":83,"column":8},"end":{"line":83,"column":15}},"23":{"start":{"line":85,"column":4},"end":{"line":194,"column":5}},"24":{"start":{"line":91,"column":8},"end":{"line":99,"column":10}},"25":{"start":{"line":98,"column":12},"end":{"line":98,"column":35}},"26":{"start":{"line":102,"column":8},"end":{"line":104,"column":63}},"27":{"start":{"line":105,"column":8},"end":{"line":105,"column":14}},"28":{"start":{"line":112,"column":8},"end":{"line":121,"column":10},"skip":true},"29":{"start":{"line":119,"column":12},"end":{"line":119,"column":55},"skip":true},"30":{"start":{"line":120,"column":12},"end":{"line":120,"column":48},"skip":true},"31":{"start":{"line":123,"column":8},"end":{"line":136,"column":10},"skip":true},"32":{"start":{"line":130,"column":12},"end":{"line":130,"column":76},"skip":true},"33":{"start":{"line":131,"column":12},"end":{"line":131,"column":73},"skip":true},"34":{"start":{"line":132,"column":12},"end":{"line":132,"column":74},"skip":true},"35":{"start":{"line":133,"column":12},"end":{"line":133,"column":79},"skip":true},"36":{"start":{"line":134,"column":12},"end":{"line":134,"column":25},"skip":true},"37":{"start":{"line":135,"column":12},"end":{"line":135,"column":45},"skip":true},"38":{"start":{"line":138,"column":8},"end":{"line":145,"column":14},"skip":true},"39":{"start":{"line":143,"column":16},"end":{"line":143,"column":29},"skip":true},"40":{"start":{"line":144,"column":16},"end":{"line":144,"column":55},"skip":true},"41":{"start":{"line":147,"column":8},"end":{"line":156,"column":10},"skip":true},"42":{"start":{"line":154,"column":12},"end":{"line":154,"column":25},"skip":true},"43":{"start":{"line":155,"column":12},"end":{"line":155,"column":45},"skip":true},"44":{"start":{"line":158,"column":8},"end":{"line":167,"column":10},"skip":true},"45":{"start":{"line":165,"column":12},"end":{"line":165,"column":25},"skip":true},"46":{"start":{"line":166,"column":12},"end":{"line":166,"column":48},"skip":true},"47":{"start":{"line":169,"column":8},"end":{"line":178,"column":10},"skip":true},"48":{"start":{"line":176,"column":12},"end":{"line":176,"column":25},"skip":true},"49":{"start":{"line":177,"column":12},"end":{"line":177,"column":46},"skip":true},"50":{"start":{"line":180,"column":8},"end":{"line":189,"column":10},"skip":true},"51":{"start":{"line":187,"column":12},"end":{"line":187,"column":94},"skip":true},"52":{"start":{"line":188,"column":12},"end":{"line":188,"column":48},"skip":true},"53":{"start":{"line":192,"column":8},"end":{"line":192,"column":35},"skip":true},"54":{"start":{"line":193,"column":8},"end":{"line":193,"column":14},"skip":true}},"branchMap":{"1":{"line":25,"type":"binary-expr","locations":[{"start":{"line":25,"column":23},"end":{"line":25,"column":62}},{"start":{"line":26,"column":20},"end":{"line":26,"column":70}},{"start":{"line":27,"column":20},"end":{"line":27,"column":71}},{"start":{"line":28,"column":20},"end":{"line":28,"column":29}}]},"2":{"line":30,"type":"binary-expr","locations":[{"start":{"line":30,"column":23},"end":{"line":30,"column":37}},{"start":{"line":31,"column":20},"end":{"line":31,"column":61}},{"start":{"line":32,"column":20},"end":{"line":32,"column":70}},{"start":{"line":33,"column":20},"end":{"line":33,"column":26}}]},"3":{"line":37,"type":"cond-expr","locations":[{"start":{"line":38,"column":14},"end":{"line":38,"column":20}},{"start":{"line":39,"column":14},"end":{"line":39,"column":20}}]},"4":{"line":40,"type":"switch","locations":[{"start":{"line":42,"column":8},"end":{"line":47,"column":18}},{"start":{"line":49,"column":8},"end":{"line":52,"column":18}}]},"5":{"line":44,"type":"binary-expr","locations":[{"start":{"line":44,"column":16},"end":{"line":44,"column":44}},{"start":{"line":44,"column":48},"end":{"line":44,"column":66}}]},"6":{"line":50,"type":"binary-expr","locations":[{"start":{"line":50,"column":21},"end":{"line":50,"column":49}},{"start":{"line":50,"column":53},"end":{"line":50,"column":72}}]},"7":{"line":64,"type":"switch","locations":[{"start":{"line":69,"column":4},"end":{"line":70,"column":14}},{"start":{"line":75,"column":4},"end":{"line":76,"column":14}}]},"8":{"line":85,"type":"switch","locations":[{"start":{"line":90,"column":4},"end":{"line":105,"column":14}},{"start":{"line":111,"column":4},"end":{"line":193,"column":14},"skip":true}]},"9":{"line":91,"type":"binary-expr","locations":[{"start":{"line":91,"column":42},"end":{"line":91,"column":73}},{"start":{"line":91,"column":77},"end":{"line":99,"column":9}}]},"10":{"line":102,"type":"binary-expr","locations":[{"start":{"line":102,"column":18},"end":{"line":102,"column":32}},{"start":{"line":103,"column":12},"end":{"line":103,"column":53}},{"start":{"line":104,"column":12},"end":{"line":104,"column":61}}]},"11":{"line":112,"type":"binary-expr","locations":[{"start":{"line":112,"column":45},"end":{"line":112,"column":79},"skip":true},{"start":{"line":112,"column":83},"end":{"line":121,"column":9},"skip":true}]},"12":{"line":123,"type":"binary-expr","locations":[{"start":{"line":123,"column":42},"end":{"line":123,"column":73},"skip":true},{"start":{"line":123,"column":77},"end":{"line":136,"column":9},"skip":true}]},"13":{"line":138,"type":"binary-expr","locations":[{"start":{"line":138,"column":48},"end":{"line":138,"column":85},"skip":true},{"start":{"line":139,"column":12},"end":{"line":145,"column":13},"skip":true}]},"14":{"line":147,"type":"binary-expr","locations":[{"start":{"line":147,"column":42},"end":{"line":147,"column":73},"skip":true},{"start":{"line":147,"column":77},"end":{"line":156,"column":9},"skip":true}]},"15":{"line":158,"type":"binary-expr","locations":[{"start":{"line":158,"column":45},"end":{"line":158,"column":79},"skip":true},{"start":{"line":158,"column":83},"end":{"line":167,"column":9},"skip":true}]},"16":{"line":169,"type":"binary-expr","locations":[{"start":{"line":169,"column":43},"end":{"line":169,"column":75},"skip":true},{"start":{"line":169,"column":79},"end":{"line":178,"column":9},"skip":true}]},"17":{"line":180,"type":"binary-expr","locations":[{"start":{"line":180,"column":41},"end":{"line":180,"column":71},"skip":true},{"start":{"line":180,"column":75},"end":{"line":189,"column":9},"skip":true}]}},"code":["/* istanbul instrument in package npmtest_grunt_bower_concat */","/*jslint","    bitwise: true,","    browser: true,","    maxerr: 8,","    maxlen: 96,","    node: true,","    nomen: true,","    regexp: true,","    stupid: true","*/","(function () {","    'use strict';","    var local;","","","","    // run shared js-env code - init-before","    (function () {","        // init local","        local = {};","        // init modeJs","        local.modeJs = (function () {","            try {","                return typeof navigator.userAgent === 'string' &&","                    typeof document.querySelector('body') === 'object' &&","                    typeof XMLHttpRequest.prototype.open === 'function' &&","                    'browser';","            } catch (errorCaughtBrowser) {","                return module.exports &&","                    typeof process.versions.node === 'string' &&","                    typeof require('http').createServer === 'function' &&","                    'node';","            }","        }());","        // init global","        local.global = local.modeJs === 'browser'","            ? window","            : global;","        switch (local.modeJs) {","        // re-init local from window.local","        case 'browser':","            local = local.global.utility2.objectSetDefault(","                local.global.utility2_rollup || local.global.local,","                local.global.utility2","            );","            break;","        // re-init local from example.js","        case 'node':","            local = (local.global.utility2_rollup || require('utility2'))","                .requireReadme();","            break;","        }","        // export local","        local.global.local = local;","    }());","","","","    // run shared js-env code - function","    (function () {","        return;","    }());","    switch (local.modeJs) {","","","","    // run browser js-env code - function","    case 'browser':","        break;","","","","    // run node js-env code - function","    case 'node':","        break;","    }","","","","    // run shared js-env code - init-after","    (function () {","        return;","    }());","    switch (local.modeJs) {","","","","    // run browser js-env code - init-after","    case 'browser':","        local.testCase_browser_nullCase = local.testCase_browser_nullCase || function (","            options,","            onError","        ) {","        /*","         * this function will test browsers's null-case handling-behavior-behavior","         */","            onError(null, options);","        };","","        // run tests","        local.nop(local.modeTest &&","            document.querySelector('#testRunButton1') &&","            document.querySelector('#testRunButton1').click());","        break;","","","","    // run node js-env code - init-after","    /* istanbul ignore next */","    case 'node':","        local.testCase_buildApidoc_default = local.testCase_buildApidoc_default || function (","            options,","            onError","        ) {","        /*","         * this function will test buildApidoc's default handling-behavior-behavior","         */","            options = { modulePathList: module.paths };","            local.buildApidoc(options, onError);","        };","","        local.testCase_buildApp_default = local.testCase_buildApp_default || function (","            options,","            onError","        ) {","        /*","         * this function will test buildApp's default handling-behavior-behavior","         */","            local.testCase_buildReadme_default(options, local.onErrorThrow);","            local.testCase_buildLib_default(options, local.onErrorThrow);","            local.testCase_buildTest_default(options, local.onErrorThrow);","            local.testCase_buildCustomOrg_default(options, local.onErrorThrow);","            options = [];","            local.buildApp(options, onError);","        };","","        local.testCase_buildCustomOrg_default = local.testCase_buildCustomOrg_default ||","            function (options, onError) {","            /*","             * this function will test buildCustomOrg's default handling-behavior","             */","                options = {};","                local.buildCustomOrg(options, onError);","            };","","        local.testCase_buildLib_default = local.testCase_buildLib_default || function (","            options,","            onError","        ) {","        /*","         * this function will test buildLib's default handling-behavior","         */","            options = {};","            local.buildLib(options, onError);","        };","","        local.testCase_buildReadme_default = local.testCase_buildReadme_default || function (","            options,","            onError","        ) {","        /*","         * this function will test buildReadme's default handling-behavior-behavior","         */","            options = {};","            local.buildReadme(options, onError);","        };","","        local.testCase_buildTest_default = local.testCase_buildTest_default || function (","            options,","            onError","        ) {","        /*","         * this function will test buildTest's default handling-behavior","         */","            options = {};","            local.buildTest(options, onError);","        };","","        local.testCase_webpage_default = local.testCase_webpage_default || function (","            options,","            onError","        ) {","        /*","         * this function will test webpage's default handling-behavior","         */","            options = { modeCoverageMerge: true, url: local.serverLocalHost + '?modeTest=1' };","            local.browserTest(options, onError);","        };","","        // run test-server","        local.testRunServer(local);","        break;","    }","}());",""],"l":{"12":2,"14":2,"19":2,"21":2,"23":2,"24":2,"25":2,"30":1,"37":2,"40":2,"43":1,"47":1,"50":1,"52":1,"55":2,"61":2,"62":2,"64":2,"70":1,"76":1,"82":2,"83":2,"85":2,"91":1,"98":1,"102":1,"105":1,"112":1,"119":1,"120":1,"123":1,"130":1,"131":1,"132":1,"133":1,"134":1,"135":1,"138":1,"143":2,"144":2,"147":1,"154":2,"155":2,"158":1,"165":2,"166":2,"169":1,"176":2,"177":2,"180":1,"187":1,"188":1,"192":1,"193":1}},"/tmp/npmtest/node-npmtest-grunt-bower-concat/lib.npmtest_grunt_bower_concat.js":{"path":"/tmp/npmtest/node-npmtest-grunt-bower-concat/lib.npmtest_grunt_bower_concat.js","s":{"1":2,"2":2,"3":2,"4":2,"5":2,"6":2,"7":2,"8":1,"9":2,"10":2,"11":2,"12":2,"13":1,"14":1,"15":1,"16":1},"b":{"1":[2,1,1,1],"2":[1,1,1,1],"3":[1,1],"4":[2,2],"5":[1,1]},"f":{"1":2,"2":2,"3":2},"fnMap":{"1":{"name":"(anonymous_1)","line":12,"loc":{"start":{"line":12,"column":1},"end":{"line":12,"column":13}}},"2":{"name":"(anonymous_2)","line":19,"loc":{"start":{"line":19,"column":5},"end":{"line":19,"column":17}}},"3":{"name":"(anonymous_3)","line":23,"loc":{"start":{"line":23,"column":24},"end":{"line":23,"column":36}}}},"statementMap":{"1":{"start":{"line":12,"column":0},"end":{"line":53,"column":5}},"2":{"start":{"line":14,"column":4},"end":{"line":14,"column":14}},"3":{"start":{"line":19,"column":4},"end":{"line":52,"column":9}},"4":{"start":{"line":21,"column":8},"end":{"line":21,"column":19}},"5":{"start":{"line":23,"column":8},"end":{"line":35,"column":13}},"6":{"start":{"line":24,"column":12},"end":{"line":34,"column":13}},"7":{"start":{"line":25,"column":16},"end":{"line":28,"column":30}},"8":{"start":{"line":30,"column":16},"end":{"line":33,"column":27}},"9":{"start":{"line":37,"column":8},"end":{"line":39,"column":21}},"10":{"start":{"line":41,"column":8},"end":{"line":41,"column":54}},"11":{"start":{"line":43,"column":8},"end":{"line":43,"column":63}},"12":{"start":{"line":45,"column":8},"end":{"line":51,"column":9}},"13":{"start":{"line":46,"column":12},"end":{"line":46,"column":69}},"14":{"start":{"line":48,"column":12},"end":{"line":48,"column":35}},"15":{"start":{"line":49,"column":12},"end":{"line":49,"column":49}},"16":{"start":{"line":50,"column":12},"end":{"line":50,"column":43}}},"branchMap":{"1":{"line":25,"type":"binary-expr","locations":[{"start":{"line":25,"column":23},"end":{"line":25,"column":62}},{"start":{"line":26,"column":20},"end":{"line":26,"column":70}},{"start":{"line":27,"column":20},"end":{"line":27,"column":71}},{"start":{"line":28,"column":20},"end":{"line":28,"column":29}}]},"2":{"line":30,"type":"binary-expr","locations":[{"start":{"line":30,"column":23},"end":{"line":30,"column":37}},{"start":{"line":31,"column":20},"end":{"line":31,"column":61}},{"start":{"line":32,"column":20},"end":{"line":32,"column":70}},{"start":{"line":33,"column":20},"end":{"line":33,"column":26}}]},"3":{"line":37,"type":"cond-expr","locations":[{"start":{"line":38,"column":14},"end":{"line":38,"column":20}},{"start":{"line":39,"column":14},"end":{"line":39,"column":20}}]},"4":{"line":41,"type":"binary-expr","locations":[{"start":{"line":41,"column":16},"end":{"line":41,"column":44}},{"start":{"line":41,"column":48},"end":{"line":41,"column":53}}]},"5":{"line":45,"type":"if","locations":[{"start":{"line":45,"column":8},"end":{"line":45,"column":8}},{"start":{"line":45,"column":8},"end":{"line":45,"column":8}}]}},"code":["/* istanbul instrument in package npmtest_grunt_bower_concat */","/*jslint","    bitwise: true,","    browser: true,","    maxerr: 8,","    maxlen: 96,","    node: true,","    nomen: true,","    regexp: true,","    stupid: true","*/","(function () {","    'use strict';","    var local;","","","","    // run shared js-env code - init-before","    (function () {","        // init local","        local = {};","        // init modeJs","        local.modeJs = (function () {","            try {","                return typeof navigator.userAgent === 'string' &&","                    typeof document.querySelector('body') === 'object' &&","                    typeof XMLHttpRequest.prototype.open === 'function' &&","                    'browser';","            } catch (errorCaughtBrowser) {","                return module.exports &&","                    typeof process.versions.node === 'string' &&","                    typeof require('http').createServer === 'function' &&","                    'node';","            }","        }());","        // init global","        local.global = local.modeJs === 'browser'","            ? window","            : global;","        // init utility2_rollup","        local = local.global.utility2_rollup || local;","        // init lib","        local.local = local.npmtest_grunt_bower_concat = local;","        // init exports","        if (local.modeJs === 'browser') {","            local.global.utility2_npmtest_grunt_bower_concat = local;","        } else {","            module.exports = local;","            module.exports.__dirname = __dirname;","            module.exports.module = module;","        }","    }());","}());",""],"l":{"12":2,"14":2,"19":2,"21":2,"23":2,"24":2,"25":2,"30":1,"37":2,"41":2,"43":2,"45":2,"46":1,"48":1,"49":1,"50":1}},"/tmp/npmtest/node-npmtest-grunt-bower-concat/example.js":{"path":"/tmp/npmtest/node-npmtest-grunt-bower-concat/example.js","s":{"1":2,"2":2,"3":2,"4":2,"5":2,"6":2,"7":2,"8":1,"9":2,"10":2,"11":2,"12":2,"13":1,"14":2,"15":2,"16":2,"17":2,"18":2,"19":0,"20":2,"21":1,"22":1,"23":1,"24":1,"25":1,"26":0,"27":0,"28":1,"29":1,"30":2,"31":0,"32":0,"33":0,"34":1,"35":2,"36":2,"37":3,"38":3,"39":3,"40":3,"41":0,"42":3,"43":3,"44":3,"45":1,"46":3,"47":1,"48":1,"49":1,"50":1,"51":1,"52":1,"53":1,"54":1,"55":1,"56":1,"57":0,"58":1,"59":6,"60":6,"61":1,"62":2,"63":0,"64":2,"65":1,"66":1,"67":0,"68":0,"69":0,"70":0,"71":0,"72":0,"73":0,"74":0,"75":0,"76":0,"77":0,"78":0,"79":0,"80":0,"81":0,"82":0,"83":0},"b":{"1":[2,1,1,1],"2":[1,1,1,1],"3":[1,1],"4":[2,2],"5":[1,1],"6":[1,1],"7":[2,0],"8":[2,1,1,1,1,1],"9":[0,2,0],"10":[1,1],"11":[2,1,1],"12":[1,0],"13":[0,2],"14":[2,0,0,0,0,0,0],"15":[0,3],"16":[3,0],"17":[1,1],"18":[0,1],"19":[1,2,0,2],"20":[1,0],"21":[1,1],"22":[0,0],"23":[0,0],"24":[0,0],"25":[0,0],"26":[0,0],"27":[0,0],"28":[0,0]},"f":{"1":2,"2":2,"3":2,"4":2,"5":2,"6":2,"7":3,"8":3,"9":3,"10":1,"11":6,"12":0},"fnMap":{"1":{"name":"(anonymous_1)","line":26,"loc":{"start":{"line":26,"column":1},"end":{"line":26,"column":13}}},"2":{"name":"(anonymous_2)","line":33,"loc":{"start":{"line":33,"column":5},"end":{"line":33,"column":17}}},"3":{"name":"(anonymous_3)","line":37,"loc":{"start":{"line":37,"column":24},"end":{"line":37,"column":36}}},"4":{"name":"(anonymous_4)","line":69,"loc":{"start":{"line":69,"column":31},"end":{"line":69,"column":48}},"skip":true},"5":{"name":"(anonymous_5)","line":78,"loc":{"start":{"line":78,"column":26},"end":{"line":78,"column":45}},"skip":true},"6":{"name":"(anonymous_6)","line":123,"loc":{"start":{"line":123,"column":33},"end":{"line":123,"column":48}},"skip":true},"7":{"name":"(anonymous_7)","line":125,"loc":{"start":{"line":125,"column":27},"end":{"line":125,"column":39}},"skip":true},"8":{"name":"(anonymous_8)","line":133,"loc":{"start":{"line":133,"column":59},"end":{"line":133,"column":74}},"skip":true},"9":{"name":"(anonymous_9)","line":143,"loc":{"start":{"line":143,"column":45},"end":{"line":143,"column":62}},"skip":true},"10":{"name":"(anonymous_10)","line":144,"loc":{"start":{"line":144,"column":73},"end":{"line":144,"column":92}},"skip":true},"11":{"name":"(anonymous_11)","line":272,"loc":{"start":{"line":272,"column":51},"end":{"line":272,"column":77}},"skip":true},"12":{"name":"(anonymous_12)","line":315,"loc":{"start":{"line":315,"column":32},"end":{"line":315,"column":61}},"skip":true}},"statementMap":{"1":{"start":{"line":26,"column":0},"end":{"line":326,"column":5}},"2":{"start":{"line":28,"column":4},"end":{"line":28,"column":14}},"3":{"start":{"line":33,"column":4},"end":{"line":60,"column":9}},"4":{"start":{"line":35,"column":8},"end":{"line":35,"column":19}},"5":{"start":{"line":37,"column":8},"end":{"line":49,"column":13}},"6":{"start":{"line":38,"column":12},"end":{"line":48,"column":13}},"7":{"start":{"line":39,"column":16},"end":{"line":42,"column":30}},"8":{"start":{"line":44,"column":16},"end":{"line":47,"column":27}},"9":{"start":{"line":51,"column":8},"end":{"line":53,"column":21}},"10":{"start":{"line":55,"column":8},"end":{"line":57,"column":45}},"11":{"start":{"line":59,"column":8},"end":{"line":59,"column":35}},"12":{"start":{"line":61,"column":4},"end":{"line":325,"column":5}},"13":{"start":{"line":69,"column":8},"end":{"line":121,"column":10},"skip":true},"14":{"start":{"line":70,"column":12},"end":{"line":88,"column":13},"skip":true},"15":{"start":{"line":76,"column":16},"end":{"line":87,"column":19},"skip":true},"16":{"start":{"line":79,"column":20},"end":{"line":86,"column":21},"skip":true},"17":{"start":{"line":82,"column":24},"end":{"line":82,"column":43},"skip":true},"18":{"start":{"line":83,"column":24},"end":{"line":83,"column":30},"skip":true},"19":{"start":{"line":85,"column":24},"end":{"line":85,"column":49},"skip":true},"20":{"start":{"line":89,"column":12},"end":{"line":107,"column":13},"skip":true},"21":{"start":{"line":92,"column":16},"end":{"line":102,"column":17},"skip":true},"22":{"start":{"line":93,"column":20},"end":{"line":93,"column":86},"skip":true},"23":{"start":{"line":94,"column":20},"end":{"line":95,"column":45},"skip":true},"24":{"start":{"line":96,"column":20},"end":{"line":96,"column":42},"skip":true},"25":{"start":{"line":97,"column":20},"end":{"line":97,"column":48},"skip":true},"26":{"start":{"line":100,"column":20},"end":{"line":100,"column":85},"skip":true},"27":{"start":{"line":101,"column":20},"end":{"line":101,"column":96},"skip":true},"28":{"start":{"line":103,"column":16},"end":{"line":103,"column":22},"skip":true},"29":{"start":{"line":106,"column":16},"end":{"line":106,"column":22},"skip":true},"30":{"start":{"line":108,"column":12},"end":{"line":120,"column":13},"skip":true},"31":{"start":{"line":114,"column":16},"end":{"line":119,"column":17},"skip":true},"32":{"start":{"line":116,"column":20},"end":{"line":116,"column":78},"skip":true},"33":{"start":{"line":118,"column":20},"end":{"line":118,"column":47},"skip":true},"34":{"start":{"line":123,"column":8},"end":{"line":141,"column":11},"skip":true},"35":{"start":{"line":124,"column":12},"end":{"line":124,"column":54},"skip":true},"36":{"start":{"line":125,"column":12},"end":{"line":140,"column":14},"skip":true},"37":{"start":{"line":126,"column":16},"end":{"line":126,"column":28},"skip":true},"38":{"start":{"line":127,"column":16},"end":{"line":127,"column":69},"skip":true},"39":{"start":{"line":128,"column":16},"end":{"line":128,"column":75},"skip":true},"40":{"start":{"line":129,"column":16},"end":{"line":131,"column":17},"skip":true},"41":{"start":{"line":130,"column":20},"end":{"line":130,"column":27},"skip":true},"42":{"start":{"line":133,"column":16},"end":{"line":137,"column":36},"skip":true},"43":{"start":{"line":134,"column":20},"end":{"line":136,"column":55},"skip":true},"44":{"start":{"line":139,"column":16},"end":{"line":139,"column":57},"skip":true},"45":{"start":{"line":143,"column":8},"end":{"line":147,"column":11},"skip":true},"46":{"start":{"line":144,"column":12},"end":{"line":146,"column":15},"skip":true},"47":{"start":{"line":145,"column":16},"end":{"line":145,"column":70},"skip":true},"48":{"start":{"line":149,"column":8},"end":{"line":149,"column":31},"skip":true},"49":{"start":{"line":150,"column":8},"end":{"line":150,"column":14},"skip":true},"50":{"start":{"line":158,"column":8},"end":{"line":158,"column":31},"skip":true},"51":{"start":{"line":160,"column":8},"end":{"line":160,"column":33},"skip":true},"52":{"start":{"line":161,"column":8},"end":{"line":161,"column":37},"skip":true},"53":{"start":{"line":162,"column":8},"end":{"line":162,"column":35},"skip":true},"54":{"start":{"line":164,"column":8},"end":{"line":164,"column":50},"skip":true},"55":{"start":{"line":166,"column":8},"end":{"line":256,"column":2},"skip":true},"56":{"start":{"line":258,"column":8},"end":{"line":286,"column":9},"skip":true},"57":{"start":{"line":259,"column":12},"end":{"line":269,"column":14},"skip":true},"58":{"start":{"line":271,"column":12},"end":{"line":285,"column":19},"skip":true},"59":{"start":{"line":274,"column":20},"end":{"line":274,"column":35},"skip":true},"60":{"start":{"line":275,"column":20},"end":{"line":284,"column":21},"skip":true},"61":{"start":{"line":277,"column":24},"end":{"line":277,"column":64},"skip":true},"62":{"start":{"line":279,"column":24},"end":{"line":279,"column":40},"skip":true},"63":{"start":{"line":281,"column":24},"end":{"line":281,"column":40},"skip":true},"64":{"start":{"line":283,"column":24},"end":{"line":283,"column":39},"skip":true},"65":{"start":{"line":288,"column":8},"end":{"line":290,"column":9},"skip":true},"66":{"start":{"line":289,"column":12},"end":{"line":289,"column":18},"skip":true},"67":{"start":{"line":291,"column":8},"end":{"line":293,"column":54},"skip":true},"68":{"start":{"line":296,"column":8},"end":{"line":301,"column":37},"skip":true},"69":{"start":{"line":303,"column":8},"end":{"line":303,"column":82},"skip":true},"70":{"start":{"line":306,"column":8},"end":{"line":308,"column":9},"skip":true},"71":{"start":{"line":307,"column":12},"end":{"line":307,"column":82},"skip":true},"72":{"start":{"line":310,"column":8},"end":{"line":312,"column":9},"skip":true},"73":{"start":{"line":311,"column":12},"end":{"line":311,"column":18},"skip":true},"74":{"start":{"line":313,"column":8},"end":{"line":313,"column":54},"skip":true},"75":{"start":{"line":314,"column":8},"end":{"line":314,"column":69},"skip":true},"76":{"start":{"line":315,"column":8},"end":{"line":323,"column":36},"skip":true},"77":{"start":{"line":316,"column":12},"end":{"line":316,"column":61},"skip":true},"78":{"start":{"line":317,"column":12},"end":{"line":320,"column":13},"skip":true},"79":{"start":{"line":318,"column":16},"end":{"line":318,"column":75},"skip":true},"80":{"start":{"line":319,"column":16},"end":{"line":319,"column":23},"skip":true},"81":{"start":{"line":321,"column":12},"end":{"line":321,"column":38},"skip":true},"82":{"start":{"line":322,"column":12},"end":{"line":322,"column":27},"skip":true},"83":{"start":{"line":324,"column":8},"end":{"line":324,"column":14},"skip":true}},"branchMap":{"1":{"line":39,"type":"binary-expr","locations":[{"start":{"line":39,"column":23},"end":{"line":39,"column":62}},{"start":{"line":40,"column":20},"end":{"line":40,"column":70}},{"start":{"line":41,"column":20},"end":{"line":41,"column":71}},{"start":{"line":42,"column":20},"end":{"line":42,"column":29}}]},"2":{"line":44,"type":"binary-expr","locations":[{"start":{"line":44,"column":23},"end":{"line":44,"column":37}},{"start":{"line":45,"column":20},"end":{"line":45,"column":61}},{"start":{"line":46,"column":20},"end":{"line":46,"column":70}},{"start":{"line":47,"column":20},"end":{"line":47,"column":26}}]},"3":{"line":51,"type":"cond-expr","locations":[{"start":{"line":52,"column":14},"end":{"line":52,"column":20}},{"start":{"line":53,"column":14},"end":{"line":53,"column":20}}]},"4":{"line":55,"type":"binary-expr","locations":[{"start":{"line":55,"column":16},"end":{"line":55,"column":44}},{"start":{"line":55,"column":49},"end":{"line":57,"column":43}}]},"5":{"line":55,"type":"cond-expr","locations":[{"start":{"line":56,"column":14},"end":{"line":56,"column":62}},{"start":{"line":57,"column":14},"end":{"line":57,"column":43}}]},"6":{"line":61,"type":"switch","locations":[{"start":{"line":68,"column":4},"end":{"line":150,"column":14},"skip":true},{"start":{"line":156,"column":4},"end":{"line":324,"column":14},"skip":true}]},"7":{"line":70,"type":"if","locations":[{"start":{"line":70,"column":12},"end":{"line":70,"column":12},"skip":true},{"start":{"line":70,"column":12},"end":{"line":70,"column":12},"skip":true}]},"8":{"line":70,"type":"binary-expr","locations":[{"start":{"line":70,"column":16},"end":{"line":70,"column":22},"skip":true},{"start":{"line":70,"column":27},"end":{"line":70,"column":32},"skip":true},{"start":{"line":71,"column":20},"end":{"line":71,"column":39},"skip":true},{"start":{"line":72,"column":20},"end":{"line":72,"column":49},"skip":true},{"start":{"line":73,"column":20},"end":{"line":73,"column":58},"skip":true},{"start":{"line":74,"column":20},"end":{"line":74,"column":69},"skip":true}]},"9":{"line":79,"type":"switch","locations":[{"start":{"line":80,"column":20},"end":{"line":80,"column":33},"skip":true},{"start":{"line":81,"column":20},"end":{"line":83,"column":30},"skip":true},{"start":{"line":84,"column":20},"end":{"line":85,"column":49},"skip":true}]},"10":{"line":89,"type":"switch","locations":[{"start":{"line":90,"column":12},"end":{"line":103,"column":22},"skip":true},{"start":{"line":105,"column":12},"end":{"line":106,"column":22},"skip":true}]},"11":{"line":89,"type":"binary-expr","locations":[{"start":{"line":89,"column":20},"end":{"line":89,"column":25},"skip":true},{"start":{"line":89,"column":29},"end":{"line":89,"column":48},"skip":true},{"start":{"line":89,"column":52},"end":{"line":89,"column":74},"skip":true}]},"12":{"line":92,"type":"if","locations":[{"start":{"line":92,"column":16},"end":{"line":92,"column":16},"skip":true},{"start":{"line":92,"column":16},"end":{"line":92,"column":16},"skip":true}]},"13":{"line":108,"type":"if","locations":[{"start":{"line":108,"column":12},"end":{"line":108,"column":12},"skip":true},{"start":{"line":108,"column":12},"end":{"line":108,"column":12},"skip":true}]},"14":{"line":108,"type":"binary-expr","locations":[{"start":{"line":108,"column":16},"end":{"line":108,"column":61},"skip":true},{"start":{"line":108,"column":66},"end":{"line":108,"column":72},"skip":true},{"start":{"line":108,"column":77},"end":{"line":108,"column":82},"skip":true},{"start":{"line":109,"column":20},"end":{"line":109,"column":39},"skip":true},{"start":{"line":110,"column":20},"end":{"line":110,"column":49},"skip":true},{"start":{"line":111,"column":20},"end":{"line":111,"column":58},"skip":true},{"start":{"line":112,"column":20},"end":{"line":112,"column":68},"skip":true}]},"15":{"line":129,"type":"if","locations":[{"start":{"line":129,"column":16},"end":{"line":129,"column":16},"skip":true},{"start":{"line":129,"column":16},"end":{"line":129,"column":16},"skip":true}]},"16":{"line":134,"type":"cond-expr","locations":[{"start":{"line":135,"column":26},"end":{"line":135,"column":29},"skip":true},{"start":{"line":136,"column":26},"end":{"line":136,"column":54},"skip":true}]},"17":{"line":164,"type":"binary-expr","locations":[{"start":{"line":164,"column":27},"end":{"line":164,"column":43},"skip":true},{"start":{"line":164,"column":47},"end":{"line":164,"column":49},"skip":true}]},"18":{"line":258,"type":"if","locations":[{"start":{"line":258,"column":8},"end":{"line":258,"column":8},"skip":true},{"start":{"line":258,"column":8},"end":{"line":258,"column":8},"skip":true}]},"19":{"line":275,"type":"switch","locations":[{"start":{"line":276,"column":20},"end":{"line":277,"column":64},"skip":true},{"start":{"line":278,"column":20},"end":{"line":279,"column":40},"skip":true},{"start":{"line":280,"column":20},"end":{"line":281,"column":40},"skip":true},{"start":{"line":282,"column":20},"end":{"line":283,"column":39},"skip":true}]},"20":{"line":288,"type":"if","locations":[{"start":{"line":288,"column":8},"end":{"line":288,"column":8},"skip":true},{"start":{"line":288,"column":8},"end":{"line":288,"column":8},"skip":true}]},"21":{"line":288,"type":"binary-expr","locations":[{"start":{"line":288,"column":12},"end":{"line":288,"column":40},"skip":true},{"start":{"line":288,"column":44},"end":{"line":288,"column":67},"skip":true}]},"22":{"line":292,"type":"binary-expr","locations":[{"start":{"line":292,"column":12},"end":{"line":292,"column":50},"skip":true},{"start":{"line":293,"column":12},"end":{"line":293,"column":53},"skip":true}]},"23":{"line":297,"type":"binary-expr","locations":[{"start":{"line":297,"column":12},"end":{"line":297,"column":76},"skip":true},{"start":{"line":298,"column":12},"end":{"line":301,"column":36},"skip":true}]},"24":{"line":303,"type":"binary-expr","locations":[{"start":{"line":303,"column":43},"end":{"line":303,"column":75},"skip":true},{"start":{"line":303,"column":79},"end":{"line":303,"column":81},"skip":true}]},"25":{"line":306,"type":"if","locations":[{"start":{"line":306,"column":8},"end":{"line":306,"column":8},"skip":true},{"start":{"line":306,"column":8},"end":{"line":306,"column":8},"skip":true}]},"26":{"line":310,"type":"if","locations":[{"start":{"line":310,"column":8},"end":{"line":310,"column":8},"skip":true},{"start":{"line":310,"column":8},"end":{"line":310,"column":8},"skip":true}]},"27":{"line":313,"type":"binary-expr","locations":[{"start":{"line":313,"column":27},"end":{"line":313,"column":43},"skip":true},{"start":{"line":313,"column":47},"end":{"line":313,"column":53},"skip":true}]},"28":{"line":317,"type":"if","locations":[{"start":{"line":317,"column":12},"end":{"line":317,"column":12},"skip":true},{"start":{"line":317,"column":12},"end":{"line":317,"column":12},"skip":true}]}},"code":["/*","example.js","","quickstart example","","instruction","    1. save this script as example.js","    2. run the shell command:","        $ npm install npmtest-grunt-bower-concat && PORT=8081 node example.js","    3. play with the browser-demo on http://127.0.0.1:8081","*/","","","","/* istanbul instrument in package npmtest_grunt_bower_concat */","/*jslint","    bitwise: true,","    browser: true,","    maxerr: 8,","    maxlen: 96,","    node: true,","    nomen: true,","    regexp: true,","    stupid: true","*/","(function () {","    'use strict';","    var local;","","","","    // run shared js-env code - init-before","    (function () {","        // init local","        local = {};","        // init modeJs","        local.modeJs = (function () {","            try {","                return typeof navigator.userAgent === 'string' &&","                    typeof document.querySelector('body') === 'object' &&","                    typeof XMLHttpRequest.prototype.open === 'function' &&","                    'browser';","            } catch (errorCaughtBrowser) {","                return module.exports &&","                    typeof process.versions.node === 'string' &&","                    typeof require('http').createServer === 'function' &&","                    'node';","            }","        }());","        // init global","        local.global = local.modeJs === 'browser'","            ? window","            : global;","        // init utility2_rollup","        local = local.global.utility2_rollup || (local.modeJs === 'browser'","            ? local.global.utility2_npmtest_grunt_bower_concat","            : global.utility2_moduleExports);","        // export local","        local.global.local = local;","    }());","    switch (local.modeJs) {","","","","    // init-after","    // run browser js-env code - init-after","    /* istanbul ignore next */","    case 'browser':","        local.testRunBrowser = function (event) {","            if (!event || (event &&","                    event.currentTarget &&","                    event.currentTarget.className &&","                    event.currentTarget.className.includes &&","                    event.currentTarget.className.includes('onreset'))) {","                // reset output","                Array.from(","                    document.querySelectorAll('body > .resettable')","                ).forEach(function (element) {","                    switch (element.tagName) {","                    case 'INPUT':","                    case 'TEXTAREA':","                        element.value = '';","                        break;","                    default:","                        element.textContent = '';","                    }","                });","            }","            switch (event && event.currentTarget && event.currentTarget.id) {","            case 'testRunButton1':","                // show tests","                if (document.querySelector('#testReportDiv1').style.display === 'none') {","                    document.querySelector('#testReportDiv1').style.display = 'block';","                    document.querySelector('#testRunButton1').textContent =","                        'hide internal test';","                    local.modeTest = true;","                    local.testRunDefault(local);","                // hide tests","                } else {","                    document.querySelector('#testReportDiv1').style.display = 'none';","                    document.querySelector('#testRunButton1').textContent = 'run internal test';","                }","                break;","            // custom-case","            default:","                break;","            }","            if (document.querySelector('#inputTextareaEval1') && (!event || (event &&","                    event.currentTarget &&","                    event.currentTarget.className &&","                    event.currentTarget.className.includes &&","                    event.currentTarget.className.includes('oneval')))) {","                // try to eval input-code","                try {","                    /*jslint evil: true*/","                    eval(document.querySelector('#inputTextareaEval1').value);","                } catch (errorCaught) {","                    console.error(errorCaught);","                }","            }","        };","        // log stderr and stdout to #outputTextareaStdout1","        ['error', 'log'].forEach(function (key) {","            console[key + '_original'] = console[key];","            console[key] = function () {","                var element;","                console[key + '_original'].apply(console, arguments);","                element = document.querySelector('#outputTextareaStdout1');","                if (!element) {","                    return;","                }","                // append text to #outputTextareaStdout1","                element.value += Array.from(arguments).map(function (arg) {","                    return typeof arg === 'string'","                        ? arg","                        : JSON.stringify(arg, null, 4);","                }).join(' ') + '\\n';","                // scroll textarea to bottom","                element.scrollTop = element.scrollHeight;","            };","        });","        // init event-handling","        ['change', 'click', 'keyup'].forEach(function (event) {","            Array.from(document.querySelectorAll('.on' + event)).forEach(function (element) {","                element.addEventListener(event, local.testRunBrowser);","            });","        });","        // run tests","        local.testRunBrowser();","        break;","","","","    // run node js-env code - init-after","    /* istanbul ignore next */","    case 'node':","        // export local","        module.exports = local;","        // require modules","        local.fs = require('fs');","        local.http = require('http');","        local.url = require('url');","        // init assets","        local.assetsDict = local.assetsDict || {};","        /* jslint-ignore-begin */","        local.assetsDict['/assets.index.template.html'] = '\\","<!doctype html>\\n\\","<html lang=\"en\">\\n\\","<head>\\n\\","<meta charset=\"UTF-8\">\\n\\","<meta name=\"viewport\" content=\"width=device-width, initial-scale=1\">\\n\\","<title>{{env.npm_package_name}} (v{{env.npm_package_version}})</title>\\n\\","<style>\\n\\","/*csslint\\n\\","    box-sizing: false,\\n\\","    universal-selector: false\\n\\","*/\\n\\","* {\\n\\","    box-sizing: border-box;\\n\\","}\\n\\","body {\\n\\","    background: #dde;\\n\\","    font-family: Arial, Helvetica, sans-serif;\\n\\","    margin: 2rem;\\n\\","}\\n\\","body > * {\\n\\","    margin-bottom: 1rem;\\n\\","}\\n\\",".utility2FooterDiv {\\n\\","    margin-top: 20px;\\n\\","    text-align: center;\\n\\","}\\n\\","</style>\\n\\","<style>\\n\\","/*csslint\\n\\","*/\\n\\","textarea {\\n\\","    font-family: monospace;\\n\\","    height: 10rem;\\n\\","    width: 100%;\\n\\","}\\n\\","textarea[readonly] {\\n\\","    background: #ddd;\\n\\","}\\n\\","</style>\\n\\","</head>\\n\\","<body>\\n\\","<!-- utility2-comment\\n\\","<div id=\"ajaxProgressDiv1\" style=\"background: #d00; height: 2px; left: 0; margin: 0; padding: 0; position: fixed; top: 0; transition: background 0.5s, width 1.5s; width: 25%;\"></div>\\n\\","utility2-comment -->\\n\\","<h1>\\n\\","<!-- utility2-comment\\n\\","    <a\\n\\","        {{#if env.npm_package_homepage}}\\n\\","        href=\"{{env.npm_package_homepage}}\"\\n\\","        {{/if env.npm_package_homepage}}\\n\\","        target=\"_blank\"\\n\\","    >\\n\\","utility2-comment -->\\n\\","        {{env.npm_package_name}} (v{{env.npm_package_version}})\\n\\","<!-- utility2-comment\\n\\","    </a>\\n\\","utility2-comment -->\\n\\","</h1>\\n\\","<h3>{{env.npm_package_description}}</h3>\\n\\","<!-- utility2-comment\\n\\","<h4><a download href=\"assets.app.js\">download standalone app</a></h4>\\n\\","<button class=\"onclick onreset\" id=\"testRunButton1\">run internal test</button><br>\\n\\","<div id=\"testReportDiv1\" style=\"display: none;\"></div>\\n\\","utility2-comment -->\\n\\","\\n\\","\\n\\","\\n\\","<label>stderr and stdout</label>\\n\\","<textarea class=\"resettable\" id=\"outputTextareaStdout1\" readonly></textarea>\\n\\","<!-- utility2-comment\\n\\","{{#if isRollup}}\\n\\","<script src=\"assets.app.js\"></script>\\n\\","{{#unless isRollup}}\\n\\","utility2-comment -->\\n\\","<script src=\"assets.utility2.rollup.js\"></script>\\n\\","<script src=\"jsonp.utility2._stateInit?callback=window.utility2._stateInit\"></script>\\n\\","<script src=\"assets.npmtest_grunt_bower_concat.rollup.js\"></script>\\n\\","<script src=\"assets.example.js\"></script>\\n\\","<script src=\"assets.test.js\"></script>\\n\\","<!-- utility2-comment\\n\\","{{/if isRollup}}\\n\\","utility2-comment -->\\n\\","<div class=\"utility2FooterDiv\">\\n\\","    [ this app was created with\\n\\","    <a href=\"https://github.com/kaizhu256/node-utility2\" target=\"_blank\">utility2</a>\\n\\","    ]\\n\\","</div>\\n\\","</body>\\n\\","</html>\\n\\","';","        /* jslint-ignore-end */","        if (local.templateRender) {","            local.assetsDict['/'] = local.templateRender(","                local.assetsDict['/assets.index.template.html'],","                {","                    env: local.objectSetDefault(local.env, {","                        npm_package_description: 'the greatest app in the world!',","                        npm_package_name: 'my-app',","                        npm_package_nameAlias: 'my_app',","                        npm_package_version: '0.0.1'","                    })","                }","            );","        } else {","            local.assetsDict['/'] = local.assetsDict['/assets.index.template.html']","                .replace((/\\{\\{env\\.(\\w+?)\\}\\}/g), function (match0, match1) {","                    // jslint-hack","                    String(match0);","                    switch (match1) {","                    case 'npm_package_description':","                        return 'the greatest app in the world!';","                    case 'npm_package_name':","                        return 'my-app';","                    case 'npm_package_nameAlias':","                        return 'my_app';","                    case 'npm_package_version':","                        return '0.0.1';","                    }","                });","        }","        // run the cli","        if (local.global.utility2_rollup || module !== require.main) {","            break;","        }","        local.assetsDict['/assets.example.js'] =","            local.assetsDict['/assets.example.js'] ||","            local.fs.readFileSync(__filename, 'utf8');","        // bug-workaround - long $npm_package_buildCustomOrg","        /* jslint-ignore-begin */","        local.assetsDict['/assets.npmtest_grunt_bower_concat.rollup.js'] =","            local.assetsDict['/assets.npmtest_grunt_bower_concat.rollup.js'] ||","            local.fs.readFileSync(","                local.npmtest_grunt_bower_concat.__dirname + '/lib.npmtest_grunt_bower_concat.js',","                'utf8'","            ).replace((/^#!/), '//');","        /* jslint-ignore-end */","        local.assetsDict['/favicon.ico'] = local.assetsDict['/favicon.ico'] || '';","        // if $npm_config_timeout_exit exists,","        // then exit this process after $npm_config_timeout_exit ms","        if (Number(process.env.npm_config_timeout_exit)) {","            setTimeout(process.exit, Number(process.env.npm_config_timeout_exit));","        }","        // start server","        if (local.global.utility2_serverHttp1) {","            break;","        }","        process.env.PORT = process.env.PORT || '8081';","        console.error('server starting on port ' + process.env.PORT);","        local.http.createServer(function (request, response) {","            request.urlParsed = local.url.parse(request.url);","            if (local.assetsDict[request.urlParsed.pathname] !== undefined) {","                response.end(local.assetsDict[request.urlParsed.pathname]);","                return;","            }","            response.statusCode = 404;","            response.end();","        }).listen(process.env.PORT);","        break;","    }","}());",""],"l":{"26":2,"28":2,"33":2,"35":2,"37":2,"38":2,"39":2,"44":1,"51":2,"55":2,"59":2,"61":2,"69":1,"70":2,"76":2,"79":2,"82":2,"83":2,"85":1,"89":2,"92":1,"93":1,"94":1,"96":1,"97":1,"100":1,"101":1,"103":1,"106":1,"108":2,"114":1,"116":1,"118":1,"123":1,"124":2,"125":2,"126":3,"127":3,"128":3,"129":3,"130":1,"133":3,"134":3,"139":3,"143":1,"144":3,"145":1,"149":1,"150":1,"158":1,"160":1,"161":1,"162":1,"164":1,"166":1,"258":1,"259":1,"271":1,"274":6,"275":6,"277":1,"279":2,"281":1,"283":2,"288":1,"289":1,"291":1,"296":1,"303":1,"306":1,"307":1,"310":1,"311":1,"313":1,"314":1,"315":1,"316":1,"317":1,"318":1,"319":1,"321":1,"322":1,"324":1}},"/tmp/npmtest/node-npmtest-grunt-bower-concat/node_modules/grunt-bower-concat/tasks/bower-concat.js":{"path":"/tmp/npmtest/node-npmtest-grunt-bower-concat/node_modules/grunt-bower-concat/tasks/bower-concat.js","s":{"1":1,"2":0,"3":0,"4":0,"5":0,"6":0,"7":0,"8":0,"9":0,"10":0,"11":0,"12":0,"13":0,"14":0,"15":0,"16":0,"17":0,"18":0,"19":0,"20":0,"21":0,"22":0,"23":0,"24":0,"25":0,"26":0,"27":0,"28":0,"29":0,"30":0,"31":0,"32":0,"33":0,"34":0,"35":1,"36":0,"37":0,"38":0,"39":1,"40":0,"41":0,"42":0,"43":0,"44":0,"45":0,"46":1,"47":0,"48":0,"49":0,"50":0,"51":0,"52":0,"53":0,"54":0,"55":0,"56":0,"57":0,"58":0,"59":0,"60":0,"61":0,"62":0,"63":0,"64":0,"65":0,"66":0,"67":0,"68":0,"69":0,"70":0,"71":0,"72":0,"73":0,"74":0,"75":0,"76":0,"77":0,"78":0,"79":0,"80":0,"81":0,"82":0,"83":1,"84":0,"85":0,"86":0,"87":0,"88":0,"89":1,"90":0,"91":0,"92":0,"93":0,"94":0,"95":0,"96":0,"97":1,"98":0,"99":0,"100":0,"101":0,"102":0,"103":0,"104":0,"105":0,"106":0,"107":0,"108":0,"109":0,"110":0,"111":0,"112":0,"113":0,"114":0,"115":0,"116":0,"117":0,"118":0,"119":0,"120":0,"121":0,"122":0,"123":0,"124":0,"125":0,"126":0,"127":0,"128":0,"129":0,"130":0,"131":0,"132":0,"133":1,"134":0,"135":0,"136":0,"137":0,"138":0,"139":0,"140":0,"141":1,"142":0,"143":0,"144":0,"145":0,"146":0,"147":0,"148":1,"149":0,"150":0,"151":0,"152":0,"153":0,"154":0,"155":0,"156":0,"157":0,"158":0,"159":0,"160":0,"161":0,"162":0,"163":0,"164":0,"165":1,"166":0,"167":0,"168":0,"169":0,"170":0,"171":0,"172":0,"173":0,"174":0,"175":0,"176":0,"177":0,"178":0,"179":1,"180":0,"181":0,"182":0,"183":1,"184":0,"185":0,"186":0,"187":0,"188":1,"189":0,"190":0,"191":0,"192":1,"193":0,"194":1,"195":0,"196":0,"197":1,"198":0,"199":1,"200":0,"201":0,"202":0,"203":0,"204":0,"205":0,"206":0,"207":0,"208":0,"209":0,"210":0,"211":0},"b":{"1":[0,0],"2":[0,0],"3":[0,0],"4":[0,0],"5":[0,0],"6":[0,0],"7":[0,0],"8":[0,0],"9":[0,0],"10":[0,0],"11":[0,0,0],"12":[0,0],"13":[0,0],"14":[0,0],"15":[0,0],"16":[0,0],"17":[0,0],"18":[0,0],"19":[0,0],"20":[0,0],"21":[0,0],"22":[0,0],"23":[0,0],"24":[0,0],"25":[0,0],"26":[0,0],"27":[0,0],"28":[0,0],"29":[0,0,0],"30":[0,0],"31":[0,0],"32":[0,0],"33":[0,0],"34":[0,0],"35":[0,0],"36":[0,0],"37":[0,0],"38":[0,0],"39":[0,0],"40":[0,0],"41":[0,0],"42":[0,0],"43":[0,0],"44":[0,0,0,0],"45":[0,0],"46":[0,0],"47":[0,0],"48":[0,0],"49":[0,0]},"f":{"1":0,"2":0,"3":0,"4":0,"5":0,"6":0,"7":0,"8":0,"9":0,"10":0,"11":0,"12":0,"13":0,"14":0,"15":0,"16":0,"17":0,"18":0,"19":0,"20":0,"21":0,"22":0,"23":0,"24":0,"25":0,"26":0,"27":0,"28":0,"29":0,"30":0,"31":0,"32":0,"33":0,"34":0,"35":0,"36":0,"37":0,"38":0},"fnMap":{"1":{"name":"(anonymous_1)","line":9,"loc":{"start":{"line":9,"column":17},"end":{"line":9,"column":33}}},"2":{"name":"(anonymous_2)","line":23,"loc":{"start":{"line":23,"column":82},"end":{"line":23,"column":93}}},"3":{"name":"(anonymous_3)","line":47,"loc":{"start":{"line":47,"column":16},"end":{"line":47,"column":38}}},"4":{"name":"(anonymous_4)","line":48,"loc":{"start":{"line":48,"column":31},"end":{"line":48,"column":47}}},"5":{"name":"taskFinished","line":64,"loc":{"start":{"line":64,"column":2},"end":{"line":64,"column":26}}},"6":{"name":"concatenateAndWriteFile","line":78,"loc":{"start":{"line":78,"column":2},"end":{"line":78,"column":66}}},"7":{"name":"bowerMainFiles","line":94,"loc":{"start":{"line":94,"column":2},"end":{"line":94,"column":48}}},"8":{"name":"(anonymous_8)","line":98,"loc":{"start":{"line":98,"column":6},"end":{"line":98,"column":27}}},"9":{"name":"(anonymous_9)","line":101,"loc":{"start":{"line":101,"column":25},"end":{"line":101,"column":46}}},"10":{"name":"(anonymous_10)","line":119,"loc":{"start":{"line":119,"column":29},"end":{"line":119,"column":55}}},"11":{"name":"(anonymous_11)","line":127,"loc":{"start":{"line":127,"column":47},"end":{"line":127,"column":62}}},"12":{"name":"(anonymous_12)","line":159,"loc":{"start":{"line":159,"column":33},"end":{"line":159,"column":48}}},"13":{"name":"bowerList","line":176,"loc":{"start":{"line":176,"column":2},"end":{"line":176,"column":27}}},"14":{"name":"(anonymous_14)","line":177,"loc":{"start":{"line":177,"column":10},"end":{"line":177,"column":25}}},"15":{"name":"(anonymous_15)","line":182,"loc":{"start":{"line":182,"column":16},"end":{"line":182,"column":31}}},"16":{"name":"resolveDependencies","line":195,"loc":{"start":{"line":195,"column":2},"end":{"line":195,"column":36}}},"17":{"name":"findMainFiles","line":228,"loc":{"start":{"line":228,"column":2},"end":{"line":228,"column":48}}},"18":{"name":"(anonymous_18)","line":244,"loc":{"start":{"line":244,"column":41},"end":{"line":244,"column":56}}},"19":{"name":"(anonymous_19)","line":245,"loc":{"start":{"line":245,"column":42},"end":{"line":245,"column":57}}},"20":{"name":"(anonymous_20)","line":246,"loc":{"start":{"line":246,"column":43},"end":{"line":246,"column":58}}},"21":{"name":"(anonymous_21)","line":260,"loc":{"start":{"line":260,"column":31},"end":{"line":260,"column":50}}},"22":{"name":"getNpmPackage","line":293,"loc":{"start":{"line":293,"column":2},"end":{"line":293,"column":42}}},"23":{"name":"findPackage","line":310,"loc":{"start":{"line":310,"column":2},"end":{"line":310,"column":40}}},"24":{"name":"requirePackage","line":335,"loc":{"start":{"line":335,"column":2},"end":{"line":335,"column":39}}},"25":{"name":"guessBestFile","line":364,"loc":{"start":{"line":364,"column":2},"end":{"line":364,"column":47}}},"26":{"name":"(anonymous_26)","line":368,"loc":{"start":{"line":368,"column":14},"end":{"line":368,"column":29}}},"27":{"name":"(anonymous_27)","line":373,"loc":{"start":{"line":373,"column":17},"end":{"line":373,"column":39}}},"28":{"name":"ensureArray","line":396,"loc":{"start":{"line":396,"column":2},"end":{"line":396,"column":31}}},"29":{"name":"expandForAll","line":410,"loc":{"start":{"line":410,"column":2},"end":{"line":410,"column":41}}},"30":{"name":"(anonymous_30)","line":412,"loc":{"start":{"line":412,"column":30},"end":{"line":412,"column":45}}},"31":{"name":"joinPathWith","line":425,"loc":{"start":{"line":425,"column":2},"end":{"line":425,"column":41}}},"32":{"name":"(anonymous_32)","line":426,"loc":{"start":{"line":426,"column":10},"end":{"line":426,"column":29}}},"33":{"name":"isFileExtension","line":440,"loc":{"start":{"line":440,"column":2},"end":{"line":440,"column":48}}},"34":{"name":"getFileSize","line":453,"loc":{"start":{"line":453,"column":2},"end":{"line":453,"column":42}}},"35":{"name":"toFileStats","line":465,"loc":{"start":{"line":465,"column":2},"end":{"line":465,"column":48}}},"36":{"name":"logGroupStats","line":481,"loc":{"start":{"line":481,"column":2},"end":{"line":481,"column":66}}},"37":{"name":"(anonymous_37)","line":492,"loc":{"start":{"line":492,"column":22},"end":{"line":492,"column":42}}},"38":{"name":"(anonymous_38)","line":494,"loc":{"start":{"line":494,"column":30},"end":{"line":494,"column":45}}}},"statementMap":{"1":{"start":{"line":9,"column":0},"end":{"line":506,"column":2}},"2":{"start":{"line":12,"column":1},"end":{"line":12,"column":28}},"3":{"start":{"line":13,"column":1},"end":{"line":13,"column":24}},"4":{"start":{"line":14,"column":1},"end":{"line":14,"column":36}},"5":{"start":{"line":15,"column":1},"end":{"line":15,"column":30}},"6":{"start":{"line":16,"column":1},"end":{"line":16,"column":38}},"7":{"start":{"line":17,"column":1},"end":{"line":17,"column":30}},"8":{"start":{"line":18,"column":1},"end":{"line":18,"column":27}},"9":{"start":{"line":19,"column":1},"end":{"line":19,"column":38}},"10":{"start":{"line":20,"column":1},"end":{"line":20,"column":57}},"11":{"start":{"line":21,"column":1},"end":{"line":21,"column":49}},"12":{"start":{"line":23,"column":1},"end":{"line":505,"column":4}},"13":{"start":{"line":24,"column":2},"end":{"line":24,"column":53}},"14":{"start":{"line":27,"column":2},"end":{"line":29,"column":3}},"15":{"start":{"line":28,"column":3},"end":{"line":28,"column":102}},"16":{"start":{"line":31,"column":2},"end":{"line":31,"column":54}},"17":{"start":{"line":32,"column":2},"end":{"line":32,"column":54}},"18":{"start":{"line":33,"column":2},"end":{"line":33,"column":50}},"19":{"start":{"line":34,"column":2},"end":{"line":34,"column":40}},"20":{"start":{"line":35,"column":2},"end":{"line":35,"column":36}},"21":{"start":{"line":36,"column":2},"end":{"line":36,"column":34}},"22":{"start":{"line":37,"column":2},"end":{"line":37,"column":49}},"23":{"start":{"line":38,"column":2},"end":{"line":38,"column":50}},"24":{"start":{"line":39,"column":2},"end":{"line":39,"column":73}},"25":{"start":{"line":40,"column":2},"end":{"line":42,"column":5}},"26":{"start":{"line":44,"column":2},"end":{"line":44,"column":31}},"27":{"start":{"line":46,"column":2},"end":{"line":46,"column":26}},"28":{"start":{"line":47,"column":2},"end":{"line":58,"column":5}},"29":{"start":{"line":48,"column":3},"end":{"line":57,"column":6}},"30":{"start":{"line":49,"column":4},"end":{"line":49,"column":37}},"31":{"start":{"line":50,"column":4},"end":{"line":55,"column":5}},"32":{"start":{"line":51,"column":5},"end":{"line":51,"column":73}},"33":{"start":{"line":54,"column":5},"end":{"line":54,"column":54}},"34":{"start":{"line":56,"column":4},"end":{"line":56,"column":19}},"35":{"start":{"line":64,"column":2},"end":{"line":69,"column":3}},"36":{"start":{"line":65,"column":3},"end":{"line":65,"column":15}},"37":{"start":{"line":66,"column":3},"end":{"line":68,"column":4}},"38":{"start":{"line":67,"column":4},"end":{"line":67,"column":11}},"39":{"start":{"line":78,"column":2},"end":{"line":86,"column":3}},"40":{"start":{"line":79,"column":3},"end":{"line":79,"column":55}},"41":{"start":{"line":79,"column":48},"end":{"line":79,"column":55}},"42":{"start":{"line":81,"column":3},"end":{"line":81,"column":33}},"43":{"start":{"line":83,"column":3},"end":{"line":83,"column":58}},"44":{"start":{"line":84,"column":3},"end":{"line":84,"column":38}},"45":{"start":{"line":85,"column":3},"end":{"line":85,"column":63}},"46":{"start":{"line":94,"column":2},"end":{"line":167,"column":3}},"47":{"start":{"line":95,"column":3},"end":{"line":166,"column":6}},"48":{"start":{"line":100,"column":4},"end":{"line":104,"column":5}},"49":{"start":{"line":101,"column":5},"end":{"line":103,"column":8}},"50":{"start":{"line":102,"column":6},"end":{"line":102,"column":45}},"51":{"start":{"line":107,"column":4},"end":{"line":107,"column":60}},"52":{"start":{"line":108,"column":4},"end":{"line":110,"column":5}},"53":{"start":{"line":109,"column":5},"end":{"line":109,"column":62}},"54":{"start":{"line":113,"column":4},"end":{"line":113,"column":62}},"55":{"start":{"line":116,"column":4},"end":{"line":116,"column":19}},"56":{"start":{"line":117,"column":4},"end":{"line":117,"column":24}},"57":{"start":{"line":119,"column":4},"end":{"line":150,"column":7}},"58":{"start":{"line":120,"column":5},"end":{"line":120,"column":69}},"59":{"start":{"line":120,"column":62},"end":{"line":120,"column":69}},"60":{"start":{"line":121,"column":5},"end":{"line":121,"column":69}},"61":{"start":{"line":121,"column":62},"end":{"line":121,"column":69}},"62":{"start":{"line":123,"column":5},"end":{"line":123,"column":82}},"63":{"start":{"line":124,"column":5},"end":{"line":149,"column":6}},"64":{"start":{"line":125,"column":6},"end":{"line":125,"column":58}},"65":{"start":{"line":125,"column":20},"end":{"line":125,"column":58}},"66":{"start":{"line":127,"column":6},"end":{"line":129,"column":9}},"67":{"start":{"line":128,"column":7},"end":{"line":128,"column":65}},"68":{"start":{"line":130,"column":6},"end":{"line":132,"column":7}},"69":{"start":{"line":131,"column":7},"end":{"line":131,"column":79}},"70":{"start":{"line":134,"column":6},"end":{"line":134,"column":59}},"71":{"start":{"line":138,"column":6},"end":{"line":138,"column":47}},"72":{"start":{"line":139,"column":6},"end":{"line":148,"column":7}},"73":{"start":{"line":140,"column":7},"end":{"line":140,"column":25}},"74":{"start":{"line":143,"column":7},"end":{"line":147,"column":10}},"75":{"start":{"line":152,"column":4},"end":{"line":155,"column":5}},"76":{"start":{"line":153,"column":5},"end":{"line":153,"column":94}},"77":{"start":{"line":154,"column":5},"end":{"line":154,"column":29}},"78":{"start":{"line":158,"column":4},"end":{"line":158,"column":21}},"79":{"start":{"line":159,"column":4},"end":{"line":163,"column":7}},"80":{"start":{"line":160,"column":5},"end":{"line":162,"column":6}},"81":{"start":{"line":161,"column":6},"end":{"line":161,"column":44}},"82":{"start":{"line":165,"column":4},"end":{"line":165,"column":21}},"83":{"start":{"line":176,"column":2},"end":{"line":186,"column":3}},"84":{"start":{"line":177,"column":3},"end":{"line":185,"column":5}},"85":{"start":{"line":178,"column":4},"end":{"line":178,"column":44}},"86":{"start":{"line":179,"column":4},"end":{"line":179,"column":24}},"87":{"start":{"line":180,"column":4},"end":{"line":184,"column":8}},"88":{"start":{"line":183,"column":6},"end":{"line":183,"column":23}},"89":{"start":{"line":195,"column":2},"end":{"line":218,"column":3}},"90":{"start":{"line":196,"column":3},"end":{"line":196,"column":44}},"91":{"start":{"line":197,"column":3},"end":{"line":197,"column":21}},"92":{"start":{"line":198,"column":3},"end":{"line":198,"column":23}},"93":{"start":{"line":201,"column":3},"end":{"line":215,"column":4}},"94":{"start":{"line":202,"column":4},"end":{"line":206,"column":6}},"95":{"start":{"line":209,"column":4},"end":{"line":214,"column":6}},"96":{"start":{"line":217,"column":3},"end":{"line":217,"column":19}},"97":{"start":{"line":228,"column":2},"end":{"line":284,"column":3}},"98":{"start":{"line":229,"column":3},"end":{"line":229,"column":27}},"99":{"start":{"line":230,"column":3},"end":{"line":230,"column":66}},"100":{"start":{"line":231,"column":3},"end":{"line":231,"column":42}},"101":{"start":{"line":234,"column":3},"end":{"line":240,"column":4}},"102":{"start":{"line":235,"column":4},"end":{"line":235,"column":102}},"103":{"start":{"line":236,"column":4},"end":{"line":236,"column":51}},"104":{"start":{"line":237,"column":4},"end":{"line":237,"column":73}},"105":{"start":{"line":238,"column":4},"end":{"line":238,"column":97}},"106":{"start":{"line":239,"column":4},"end":{"line":239,"column":27}},"107":{"start":{"line":243,"column":3},"end":{"line":243,"column":56}},"108":{"start":{"line":244,"column":3},"end":{"line":244,"column":98}},"109":{"start":{"line":244,"column":58},"end":{"line":244,"column":94}},"110":{"start":{"line":245,"column":3},"end":{"line":245,"column":100}},"111":{"start":{"line":245,"column":59},"end":{"line":245,"column":96}},"112":{"start":{"line":246,"column":3},"end":{"line":246,"column":102}},"113":{"start":{"line":246,"column":60},"end":{"line":246,"column":98}},"114":{"start":{"line":247,"column":3},"end":{"line":247,"column":77}},"115":{"start":{"line":249,"column":3},"end":{"line":252,"column":4}},"116":{"start":{"line":250,"column":4},"end":{"line":250,"column":84}},"117":{"start":{"line":251,"column":4},"end":{"line":251,"column":24}},"118":{"start":{"line":255,"column":3},"end":{"line":255,"column":73}},"119":{"start":{"line":256,"column":3},"end":{"line":256,"column":75}},"120":{"start":{"line":257,"column":3},"end":{"line":257,"column":77}},"121":{"start":{"line":260,"column":3},"end":{"line":262,"column":6}},"122":{"start":{"line":261,"column":4},"end":{"line":261,"column":58}},"123":{"start":{"line":264,"column":3},"end":{"line":264,"column":24}},"124":{"start":{"line":265,"column":3},"end":{"line":282,"column":4}},"125":{"start":{"line":267,"column":4},"end":{"line":269,"column":8}},"126":{"start":{"line":270,"column":4},"end":{"line":270,"column":26}},"127":{"start":{"line":274,"column":4},"end":{"line":274,"column":48}},"128":{"start":{"line":275,"column":4},"end":{"line":281,"column":5}},"129":{"start":{"line":276,"column":5},"end":{"line":276,"column":95}},"130":{"start":{"line":277,"column":5},"end":{"line":277,"column":30}},"131":{"start":{"line":280,"column":5},"end":{"line":280,"column":53}},"132":{"start":{"line":283,"column":3},"end":{"line":283,"column":39}},"133":{"start":{"line":293,"column":2},"end":{"line":301,"column":3}},"134":{"start":{"line":294,"column":3},"end":{"line":294,"column":42}},"135":{"start":{"line":295,"column":3},"end":{"line":295,"column":25}},"136":{"start":{"line":295,"column":13},"end":{"line":295,"column":25}},"137":{"start":{"line":297,"column":3},"end":{"line":297,"column":46}},"138":{"start":{"line":298,"column":3},"end":{"line":298,"column":43}},"139":{"start":{"line":298,"column":31},"end":{"line":298,"column":43}},"140":{"start":{"line":300,"column":3},"end":{"line":300,"column":38}},"141":{"start":{"line":310,"column":2},"end":{"line":325,"column":3}},"142":{"start":{"line":311,"column":3},"end":{"line":311,"column":76}},"143":{"start":{"line":313,"column":3},"end":{"line":324,"column":4}},"144":{"start":{"line":315,"column":4},"end":{"line":315,"column":16}},"145":{"start":{"line":317,"column":8},"end":{"line":324,"column":4}},"146":{"start":{"line":319,"column":4},"end":{"line":319,"column":23}},"147":{"start":{"line":323,"column":4},"end":{"line":323,"column":41}},"148":{"start":{"line":335,"column":2},"end":{"line":354,"column":3}},"149":{"start":{"line":336,"column":3},"end":{"line":336,"column":22}},"150":{"start":{"line":337,"column":3},"end":{"line":337,"column":36}},"151":{"start":{"line":338,"column":3},"end":{"line":338,"column":38}},"152":{"start":{"line":339,"column":3},"end":{"line":352,"column":4}},"153":{"start":{"line":340,"column":4},"end":{"line":340,"column":35}},"154":{"start":{"line":341,"column":4},"end":{"line":341,"column":32}},"155":{"start":{"line":341,"column":26},"end":{"line":341,"column":32}},"156":{"start":{"line":342,"column":4},"end":{"line":351,"column":5}},"157":{"start":{"line":343,"column":5},"end":{"line":343,"column":37}},"158":{"start":{"line":344,"column":5},"end":{"line":344,"column":27}},"159":{"start":{"line":345,"column":5},"end":{"line":349,"column":6}},"160":{"start":{"line":346,"column":6},"end":{"line":346,"column":84}},"161":{"start":{"line":347,"column":6},"end":{"line":347,"column":47}},"162":{"start":{"line":348,"column":6},"end":{"line":348,"column":29}},"163":{"start":{"line":350,"column":5},"end":{"line":350,"column":98}},"164":{"start":{"line":353,"column":3},"end":{"line":353,"column":15}},"165":{"start":{"line":364,"column":2},"end":{"line":388,"column":3}},"166":{"start":{"line":365,"column":3},"end":{"line":365,"column":22}},"167":{"start":{"line":366,"column":3},"end":{"line":366,"column":25}},"168":{"start":{"line":368,"column":3},"end":{"line":371,"column":6}},"169":{"start":{"line":370,"column":4},"end":{"line":370,"column":31}},"170":{"start":{"line":373,"column":3},"end":{"line":380,"column":6}},"171":{"start":{"line":374,"column":4},"end":{"line":374,"column":50}},"172":{"start":{"line":375,"column":4},"end":{"line":375,"column":58}},"173":{"start":{"line":376,"column":4},"end":{"line":379,"column":5}},"174":{"start":{"line":377,"column":5},"end":{"line":377,"column":20}},"175":{"start":{"line":378,"column":5},"end":{"line":378,"column":22}},"176":{"start":{"line":382,"column":3},"end":{"line":387,"column":4}},"177":{"start":{"line":383,"column":4},"end":{"line":383,"column":31}},"178":{"start":{"line":386,"column":4},"end":{"line":386,"column":21}},"179":{"start":{"line":396,"column":2},"end":{"line":401,"column":3}},"180":{"start":{"line":397,"column":3},"end":{"line":400,"column":20}},"181":{"start":{"line":398,"column":4},"end":{"line":398,"column":18}},"182":{"start":{"line":400,"column":4},"end":{"line":400,"column":20}},"183":{"start":{"line":410,"column":2},"end":{"line":416,"column":3}},"184":{"start":{"line":411,"column":3},"end":{"line":411,"column":18}},"185":{"start":{"line":412,"column":3},"end":{"line":414,"column":6}},"186":{"start":{"line":413,"column":4},"end":{"line":413,"column":60}},"187":{"start":{"line":415,"column":3},"end":{"line":415,"column":16}},"188":{"start":{"line":425,"column":2},"end":{"line":431,"column":3}},"189":{"start":{"line":426,"column":3},"end":{"line":430,"column":5}},"190":{"start":{"line":428,"column":4},"end":{"line":428,"column":90}},"191":{"start":{"line":429,"column":4},"end":{"line":429,"column":41}},"192":{"start":{"line":440,"column":2},"end":{"line":444,"column":3}},"193":{"start":{"line":441,"column":3},"end":{"line":443,"column":5}},"194":{"start":{"line":453,"column":2},"end":{"line":456,"column":3}},"195":{"start":{"line":454,"column":3},"end":{"line":454,"column":37}},"196":{"start":{"line":455,"column":3},"end":{"line":455,"column":40}},"197":{"start":{"line":465,"column":2},"end":{"line":471,"column":3}},"198":{"start":{"line":466,"column":3},"end":{"line":470,"column":5}},"199":{"start":{"line":481,"column":2},"end":{"line":504,"column":3}},"200":{"start":{"line":482,"column":3},"end":{"line":484,"column":4}},"201":{"start":{"line":483,"column":4},"end":{"line":483,"column":17}},"202":{"start":{"line":486,"column":3},"end":{"line":488,"column":4}},"203":{"start":{"line":487,"column":4},"end":{"line":487,"column":31}},"204":{"start":{"line":490,"column":3},"end":{"line":490,"column":60}},"205":{"start":{"line":492,"column":3},"end":{"line":503,"column":6}},"206":{"start":{"line":493,"column":4},"end":{"line":502,"column":5}},"207":{"start":{"line":494,"column":5},"end":{"line":501,"column":8}},"208":{"start":{"line":495,"column":6},"end":{"line":498,"column":7}},"209":{"start":{"line":496,"column":7},"end":{"line":496,"column":46}},"210":{"start":{"line":497,"column":7},"end":{"line":497,"column":35}},"211":{"start":{"line":500,"column":6},"end":{"line":500,"column":85}}},"branchMap":{"1":{"line":27,"type":"if","locations":[{"start":{"line":27,"column":2},"end":{"line":27,"column":2}},{"start":{"line":27,"column":2},"end":{"line":27,"column":2}}]},"2":{"line":31,"type":"binary-expr","locations":[{"start":{"line":31,"column":29},"end":{"line":31,"column":46}},{"start":{"line":31,"column":50},"end":{"line":31,"column":52}}]},"3":{"line":32,"type":"binary-expr","locations":[{"start":{"line":32,"column":29},"end":{"line":32,"column":46}},{"start":{"line":32,"column":50},"end":{"line":32,"column":52}}]},"4":{"line":33,"type":"binary-expr","locations":[{"start":{"line":33,"column":21},"end":{"line":33,"column":43}},{"start":{"line":33,"column":47},"end":{"line":33,"column":49}}]},"5":{"line":34,"type":"binary-expr","locations":[{"start":{"line":34,"column":14},"end":{"line":34,"column":33}},{"start":{"line":34,"column":37},"end":{"line":34,"column":39}}]},"6":{"line":38,"type":"binary-expr","locations":[{"start":{"line":38,"column":21},"end":{"line":38,"column":43}},{"start":{"line":38,"column":47},"end":{"line":38,"column":49}}]},"7":{"line":39,"type":"cond-expr","locations":[{"start":{"line":39,"column":51},"end":{"line":39,"column":67}},{"start":{"line":39,"column":70},"end":{"line":39,"column":72}}]},"8":{"line":50,"type":"if","locations":[{"start":{"line":50,"column":4},"end":{"line":50,"column":4}},{"start":{"line":50,"column":4},"end":{"line":50,"column":4}}]},"9":{"line":66,"type":"if","locations":[{"start":{"line":66,"column":3},"end":{"line":66,"column":3}},{"start":{"line":66,"column":3},"end":{"line":66,"column":3}}]},"10":{"line":79,"type":"if","locations":[{"start":{"line":79,"column":3},"end":{"line":79,"column":3}},{"start":{"line":79,"column":3},"end":{"line":79,"column":3}}]},"11":{"line":79,"type":"binary-expr","locations":[{"start":{"line":79,"column":7},"end":{"line":79,"column":19}},{"start":{"line":79,"column":23},"end":{"line":79,"column":29}},{"start":{"line":79,"column":33},"end":{"line":79,"column":46}}]},"12":{"line":83,"type":"binary-expr","locations":[{"start":{"line":83,"column":24},"end":{"line":83,"column":33}},{"start":{"line":83,"column":37},"end":{"line":83,"column":56}}]},"13":{"line":100,"type":"if","locations":[{"start":{"line":100,"column":4},"end":{"line":100,"column":4}},{"start":{"line":100,"column":4},"end":{"line":100,"column":4}}]},"14":{"line":108,"type":"if","locations":[{"start":{"line":108,"column":4},"end":{"line":108,"column":4}},{"start":{"line":108,"column":4},"end":{"line":108,"column":4}}]},"15":{"line":108,"type":"binary-expr","locations":[{"start":{"line":108,"column":8},"end":{"line":108,"column":23}},{"start":{"line":108,"column":27},"end":{"line":108,"column":38}}]},"16":{"line":120,"type":"if","locations":[{"start":{"line":120,"column":5},"end":{"line":120,"column":5}},{"start":{"line":120,"column":5},"end":{"line":120,"column":5}}]},"17":{"line":120,"type":"binary-expr","locations":[{"start":{"line":120,"column":9},"end":{"line":120,"column":24}},{"start":{"line":120,"column":28},"end":{"line":120,"column":60}}]},"18":{"line":121,"type":"if","locations":[{"start":{"line":121,"column":5},"end":{"line":121,"column":5}},{"start":{"line":121,"column":5},"end":{"line":121,"column":5}}]},"19":{"line":121,"type":"binary-expr","locations":[{"start":{"line":121,"column":9},"end":{"line":121,"column":24}},{"start":{"line":121,"column":28},"end":{"line":121,"column":60}}]},"20":{"line":124,"type":"if","locations":[{"start":{"line":124,"column":5},"end":{"line":124,"column":5}},{"start":{"line":124,"column":5},"end":{"line":124,"column":5}}]},"21":{"line":125,"type":"if","locations":[{"start":{"line":125,"column":6},"end":{"line":125,"column":6}},{"start":{"line":125,"column":6},"end":{"line":125,"column":6}}]},"22":{"line":130,"type":"if","locations":[{"start":{"line":130,"column":6},"end":{"line":130,"column":6}},{"start":{"line":130,"column":6},"end":{"line":130,"column":6}}]},"23":{"line":139,"type":"if","locations":[{"start":{"line":139,"column":6},"end":{"line":139,"column":6}},{"start":{"line":139,"column":6},"end":{"line":139,"column":6}}]},"24":{"line":152,"type":"if","locations":[{"start":{"line":152,"column":4},"end":{"line":152,"column":4}},{"start":{"line":152,"column":4},"end":{"line":152,"column":4}}]},"25":{"line":160,"type":"if","locations":[{"start":{"line":160,"column":5},"end":{"line":160,"column":5}},{"start":{"line":160,"column":5},"end":{"line":160,"column":5}}]},"26":{"line":196,"type":"binary-expr","locations":[{"start":{"line":196,"column":25},"end":{"line":196,"column":37}},{"start":{"line":196,"column":41},"end":{"line":196,"column":43}}]},"27":{"line":201,"type":"if","locations":[{"start":{"line":201,"column":3},"end":{"line":201,"column":3}},{"start":{"line":201,"column":3},"end":{"line":201,"column":3}}]},"28":{"line":234,"type":"if","locations":[{"start":{"line":234,"column":3},"end":{"line":234,"column":3}},{"start":{"line":234,"column":3},"end":{"line":234,"column":3}}]},"29":{"line":235,"type":"binary-expr","locations":[{"start":{"line":235,"column":23},"end":{"line":235,"column":27}},{"start":{"line":235,"column":31},"end":{"line":235,"column":48}},{"start":{"line":235,"column":52},"end":{"line":235,"column":101}}]},"30":{"line":249,"type":"if","locations":[{"start":{"line":249,"column":3},"end":{"line":249,"column":3}},{"start":{"line":249,"column":3},"end":{"line":249,"column":3}}]},"31":{"line":265,"type":"if","locations":[{"start":{"line":265,"column":3},"end":{"line":265,"column":3}},{"start":{"line":265,"column":3},"end":{"line":265,"column":3}}]},"32":{"line":275,"type":"if","locations":[{"start":{"line":275,"column":4},"end":{"line":275,"column":4}},{"start":{"line":275,"column":4},"end":{"line":275,"column":4}}]},"33":{"line":295,"type":"if","locations":[{"start":{"line":295,"column":3},"end":{"line":295,"column":3}},{"start":{"line":295,"column":3},"end":{"line":295,"column":3}}]},"34":{"line":298,"type":"if","locations":[{"start":{"line":298,"column":3},"end":{"line":298,"column":3}},{"start":{"line":298,"column":3},"end":{"line":298,"column":3}}]},"35":{"line":313,"type":"if","locations":[{"start":{"line":313,"column":3},"end":{"line":313,"column":3}},{"start":{"line":313,"column":3},"end":{"line":313,"column":3}}]},"36":{"line":317,"type":"if","locations":[{"start":{"line":317,"column":8},"end":{"line":317,"column":8}},{"start":{"line":317,"column":8},"end":{"line":317,"column":8}}]},"37":{"line":341,"type":"if","locations":[{"start":{"line":341,"column":4},"end":{"line":341,"column":4}},{"start":{"line":341,"column":4},"end":{"line":341,"column":4}}]},"38":{"line":345,"type":"if","locations":[{"start":{"line":345,"column":5},"end":{"line":345,"column":5}},{"start":{"line":345,"column":5},"end":{"line":345,"column":5}}]},"39":{"line":376,"type":"if","locations":[{"start":{"line":376,"column":4},"end":{"line":376,"column":4}},{"start":{"line":376,"column":4},"end":{"line":376,"column":4}}]},"40":{"line":382,"type":"if","locations":[{"start":{"line":382,"column":3},"end":{"line":382,"column":3}},{"start":{"line":382,"column":3},"end":{"line":382,"column":3}}]},"41":{"line":397,"type":"if","locations":[{"start":{"line":397,"column":3},"end":{"line":397,"column":3}},{"start":{"line":397,"column":3},"end":{"line":397,"column":3}}]},"42":{"line":428,"type":"binary-expr","locations":[{"start":{"line":428,"column":29},"end":{"line":428,"column":36}},{"start":{"line":428,"column":40},"end":{"line":428,"column":42}}]},"43":{"line":428,"type":"binary-expr","locations":[{"start":{"line":428,"column":75},"end":{"line":428,"column":81}},{"start":{"line":428,"column":85},"end":{"line":428,"column":87}}]},"44":{"line":441,"type":"binary-expr","locations":[{"start":{"line":441,"column":10},"end":{"line":441,"column":38}},{"start":{"line":441,"column":42},"end":{"line":441,"column":78}},{"start":{"line":441,"column":82},"end":{"line":441,"column":105}},{"start":{"line":442,"column":4},"end":{"line":442,"column":35}}]},"45":{"line":482,"type":"if","locations":[{"start":{"line":482,"column":3},"end":{"line":482,"column":3}},{"start":{"line":482,"column":3},"end":{"line":482,"column":3}}]},"46":{"line":486,"type":"if","locations":[{"start":{"line":486,"column":3},"end":{"line
[...]
bhead('%s: -> %s', groupName, groupDest);","","\t\t\tgroupOrder.forEach(function(component) {","\t\t\t\tif (_.isArray(files[component]) && files[component].length) {","\t\t\t\t\tfiles[component].forEach(function(file) {","\t\t\t\t\t\tif (!grunt.option('no-color')) {","\t\t\t\t\t\t\tfile.component = file.component.yellow;","\t\t\t\t\t\t\tfile.size = file.size.green;","\t\t\t\t\t\t}","","\t\t\t\t\t\tgrunt.verbose.writeln('  ./%s [%s] - %s', file.src, file.component, file.size);","\t\t\t\t\t});","\t\t\t\t}","\t\t\t});","\t\t}","\t});","};",""],"l":{"9":1,"12":0,"13":0,"14":0,"15":0,"16":0,"17":0,"18":0,"19":0,"20":0,"21":0,"23":0,"24":0,"27":0,"28":0,"31":0,"32":0,"33":0,"34":0,"35":0,"36":0,"37":0,"38":0,"39":0,"40":0,"44":0,"46":0,"47":0,"48":0,"49":0,"50":0,"51":0,"54":0,"56":0,"64":1,"65":0,"66":0,"67":0,"78":1,"79":0,"81":0,"83":0,"84":0,"85":0,"94":1,"95":0,"100":0,"101":0,"102":0,"107":0,"108":0,"109":0,"113":0,"116":0,"117":0,"119":0,"120":0,"121":0,"123":0,"124":0,"125":0,"127":0,"128":0,"130":0,"131":0,"134":0,"138":0,"139":0,"140":0,"143":0,"152":0,"153":0,"154":0,"158":0,"159":0,"160":0,"161":0,"165":0,"176":1,"177":0,"178":0,"179":0,"180":0,"183":0,"195":1,"196":0,"197":0,"198":0,"201":0,"202":0,"209":0,"217":0,"228":1,"229":0,"230":0,"231":0,"234":0,"235":0,"236":0,"237":0,"238":0,"239":0,"243":0,"244":0,"245":0,"246":0,"247":0,"249":0,"250":0,"251":0,"255":0,"256":0,"257":0,"260":0,"261":0,"264":0,"265":0,"267":0,"270":0,"274":0,"275":0,"276":0,"277":0,"280":0,"283":0,"293":1,"294":0,"295":0,"297":0,"298":0,"300":0,"310":1,"311":0,"313":0,"315":0,"317":0,"319":0,"323":0,"335":1,"336":0,"337":0,"338":0,"339":0,"340":0,"341":0,"342":0,"343":0,"344":0,"345":0,"346":0,"347":0,"348":0,"350":0,"353":0,"364":1,"365":0,"366":0,"368":0,"370":0,"373":0,"374":0,"375":0,"376":0,"377":0,"378":0,"382":0,"383":0,"386":0,"396":1,"397":0,"398":0,"400":0,"410":1,"411":0,"412":0,"413":0,"415":0,"425":1,"426":0,"428":0,"429":0,"440":1,"441":0,"453":1,"454":0,"455":0,"465":1,"466":0,"481":1,"482":0,"483":0,"486":0,"487":0,"490":0,"492":0,"493":0,"494":0,"495":0,"496":0,"497":0,"500":0}},"/tmp/npmtest/node-npmtest-grunt-bower-concat/node_modules/grunt-bower-concat/Gruntfile.js":{"path":"/tmp/npmtest/node-npmtest-grunt-bower-concat/node_modules/grunt-bower-concat/Gruntfile.js","s":{"1":1,"2":0,"3":0,"4":0,"5":0,"6":0,"7":0,"8":0,"9":0,"10":0,"11":0},"b":{"1":[0,0]},"f":{"1":0,"2":0,"3":0},"fnMap":{"1":{"name":"(anonymous_1)","line":2,"loc":{"start":{"line":2,"column":17},"end":{"line":2,"column":33}}},"2":{"name":"(anonymous_2)","line":46,"loc":{"start":{"line":46,"column":14},"end":{"line":46,"column":45}}},"3":{"name":"(anonymous_3)","line":47,"loc":{"start":{"line":47,"column":29},"end":{"line":47,"column":48}}}},"statementMap":{"1":{"start":{"line":2,"column":0},"end":{"line":125,"column":2}},"2":{"start":{"line":5,"column":1},"end":{"line":5,"column":27}},"3":{"start":{"line":7,"column":1},"end":{"line":7,"column":36}},"4":{"start":{"line":9,"column":1},"end":{"line":118,"column":4}},"5":{"start":{"line":47,"column":5},"end":{"line":50,"column":8}},"6":{"start":{"line":48,"column":6},"end":{"line":48,"column":53}},"7":{"start":{"line":49,"column":6},"end":{"line":49,"column":53}},"8":{"start":{"line":120,"column":1},"end":{"line":120,"column":26}},"9":{"start":{"line":122,"column":1},"end":{"line":122,"column":43}},"10":{"start":{"line":123,"column":1},"end":{"line":123,"column":93}},"11":{"start":{"line":124,"column":1},"end":{"line":124,"column":42}}},"branchMap":{"1":{"line":49,"type":"cond-expr","locations":[{"start":{"line":49,"column":38},"end":{"line":49,"column":41}},{"start":{"line":49,"column":44},"end":{"line":49,"column":52}}]}},"code":["/*jshint node:true*/","module.exports = function(grunt) {","\t'use strict';","","\tvar _ = require('lodash');","","\trequire('load-grunt-tasks')(grunt);","","\tgrunt.initConfig({","\t\tbower_concat: {","\t\t\tbasic: {","\t\t\t\tdest: 'test/tmp/basic.js',","\t\t\t\texclude: 'jquery',","\t\t\t\tdependencies: {","\t\t\t\t\t'backbone': 'underscore',","\t\t\t\t\t'jquery-mousewheel': 'jquery'","\t\t\t\t},","\t\t\t\tmainFiles: {","\t\t\t\t  'svg.js': 'dist/svg.js'","\t\t\t\t}","\t\t\t},","\t\t\tnonrelative: {","\t\t\t\tdest: 'test/tmp/nonrelative.js',","\t\t\t\texclude: 'jquery',","\t\t\t\tdependencies: {","\t\t\t\t\t'backbone': 'underscore',","\t\t\t\t\t'jquery-mousewheel': 'jquery'","\t\t\t\t},","\t\t\t\tmainFiles: {","\t\t\t\t  'svg.js': 'dist/svg.js'","\t\t\t\t},","\t\t\t\tbowerOptions: {","\t\t\t\t\trelative: false","\t\t\t\t}","\t\t\t},","\t\t\tcallback: {","\t\t\t\tdest: 'test/tmp/callback.js',","\t\t\t\texclude: 'jquery',","\t\t\t\tdependencies: {","\t\t\t\t\t'backbone': 'underscore',","\t\t\t\t\t'jquery-mousewheel': 'jquery'","\t\t\t\t},","\t\t\t\tmainFiles: {","\t\t\t\t  'svg.js': 'dist/svg.js'","\t\t\t\t},","\t\t\t\tcallback: function(mainFiles, component) {","\t\t\t\t\treturn _.map(mainFiles, function(filepath) {","\t\t\t\t\t\tvar min = filepath.replace(/\\.js$/, '.min.js');","\t\t\t\t\t\treturn grunt.file.exists(min) ? min : filepath;","\t\t\t\t\t});","\t\t\t\t}","\t\t\t},","\t\t\twithCss: {","\t\t\t\tdest: {","\t\t\t\t\tjs: 'test/tmp/with-css.js',","\t\t\t\t\tcss: 'test/tmp/with-css.css'","\t\t\t\t},","\t\t\t\texclude: 'jquery',","\t\t\t\tdependencies: {","\t\t\t\t\t'backbone': 'underscore',","\t\t\t\t\t'jquery-mousewheel': 'jquery'","\t\t\t\t},","\t\t\t\tmainFiles: {","\t\t\t\t  'svg.js': 'dist/svg.js',","\t\t\t\t  'social-likes': ['social-likes.min.js', 'social-likes.css']","\t\t\t\t}","\t\t\t},","\t\t\tonlyCss: {","\t\t\t\tdest: {","\t\t\t\t\tcss: 'test/tmp/with-css.css'","\t\t\t\t},","\t\t\t\texclude: 'svg.js',","\t\t\t\tmainFiles: {","\t\t\t\t  'social-likes': ['social-likes.css']","\t\t\t\t}","\t\t\t},","\t\t\tscss: {","\t\t\t\tdest: {","\t\t\t\t\tscss: 'test/tmp/scss.scss'","\t\t\t\t}","\t\t\t},","\t\t\tinclude: {","\t\t\t\tdest: 'test/tmp/include.js',","\t\t\t\tinclude: [","\t\t\t\t\t'backbone',","\t\t\t\t\t'jquery-mousewheel'","\t\t\t\t],","\t\t\t\tdependencies: {","\t\t\t\t\t'backbone': 'underscore',","\t\t\t\t\t'jquery-mousewheel': 'jquery'","\t\t\t\t}","\t\t\t}","\t\t},","\t\tmochaTest: {","\t\t\ttest: {","\t\t\t\toptions: {","\t\t\t\t\treporter: 'spec'","\t\t\t\t},","\t\t\t\tsrc: ['./test/lib/*.js', './test/*.js']","\t\t\t}","\t\t},","\t\tjshint: {","\t\t\toptions: {","\t\t\t\tjshintrc: '.jshintrc'","\t\t\t},","\t\t\tall: [","\t\t\t\t'tasks/**/*.js',","\t\t\t\t'lib/**/*.js'","\t\t\t],","\t\t},","\t\tjscs: {","\t\t\tall: [","\t\t\t\t'tasks/**/*.js',","\t\t\t\t'lib/**/*.js'","\t\t\t],","\t\t},","\t\tclean: ['test/tmp']","\t});","","\tgrunt.loadTasks('tasks');","","\tgrunt.registerTask('test', ['mochaTest']);","\tgrunt.registerTask('default', ['jshint', 'jscs', 'clean', 'bower_concat', 'test', 'clean']);","\tgrunt.registerTask('build', ['default']);","};",""],"l":{"2":1,"5":0,"7":0,"9":0,"47":0,"48":0,"49":0,"120":0,"122":0,"123":0,"124":0}},"/tmp/npmtest/node-npmtest-grunt-bower-concat/node_modules/grunt-bower-concat/lib/configTools.js":{"path":"/tmp/npmtest/node-npmtest-grunt-bower-concat/node_modules/grunt-bower-concat/lib/configTools.js","s":{"1":1,"2":0,"3":0,"4":0,"5":1,"6":0,"7":0,"8":0,"9":0,"10":0,"11":1,"12":0,"13":0,"14":0,"15":0,"16":1,"17":0,"18":1,"19":0,"20":0,"21":0,"22":0,"23":1},"b":{"1":[0,0],"2":[0,0],"3":[0,0],"4":[0,0]},"f":{"1":0,"2":0,"3":0,"4":0,"5":0,"6":0,"7":0},"fnMap":{"1":{"name":"destinationConfigExists","line":4,"loc":{"start":{"line":4,"column":0},"end":{"line":4,"column":39}}},"2":{"name":"extractDestData","line":19,"loc":{"start":{"line":19,"column":0},"end":{"line":19,"column":31}}},"3":{"name":"extractMultiDestValues","line":50,"loc":{"start":{"line":50,"column":0},"end":{"line":50,"column":46}}},"4":{"name":"(anonymous_4)","line":53,"loc":{"start":{"line":53,"column":35},"end":{"line":53,"column":49}}},"5":{"name":"extractBackportDestination","line":73,"loc":{"start":{"line":73,"column":0},"end":{"line":73,"column":49}}},"6":{"name":"getValues","line":86,"loc":{"start":{"line":86,"column":0},"end":{"line":86,"column":27}}},"7":{"name":"(anonymous_7)","line":88,"loc":{"start":{"line":88,"column":29},"end":{"line":88,"column":43}}}},"statementMap":{"1":{"start":{"line":4,"column":0},"end":{"line":10,"column":1}},"2":{"start":{"line":5,"column":1},"end":{"line":7,"column":2}},"3":{"start":{"line":6,"column":2},"end":{"line":6,"column":70}},"4":{"start":{"line":9,"column":1},"end":{"line":9,"column":14}},"5":{"start":{"line":19,"column":0},"end":{"line":31,"column":1}},"6":{"start":{"line":21,"column":1},"end":{"line":28,"column":2}},"7":{"start":{"line":22,"column":2},"end":{"line":27,"column":3}},"8":{"start":{"line":23,"column":3},"end":{"line":23,"column":44}},"9":{"start":{"line":26,"column":3},"end":{"line":26,"column":48}},"10":{"start":{"line":30,"column":1},"end":{"line":30,"column":11}},"11":{"start":{"line":50,"column":0},"end":{"line":60,"column":1}},"12":{"start":{"line":51,"column":1},"end":{"line":51,"column":29}},"13":{"start":{"line":53,"column":1},"end":{"line":57,"column":4}},"14":{"start":{"line":54,"column":2},"end":{"line":56,"column":4}},"15":{"start":{"line":59,"column":1},"end":{"line":59,"column":27}},"16":{"start":{"line":73,"column":0},"end":{"line":75,"column":1}},"17":{"start":{"line":74,"column":1},"end":{"line":74,"column":51}},"18":{"start":{"line":86,"column":0},"end":{"line":93,"column":1}},"19":{"start":{"line":87,"column":1},"end":{"line":87,"column":17}},"20":{"start":{"line":88,"column":1},"end":{"line":90,"column":4}},"21":{"start":{"line":89,"column":2},"end":{"line":89,"column":27}},"22":{"start":{"line":92,"column":1},"end":{"line":92,"column":25}},"23":{"start":{"line":96,"column":0},"end":{"line":100,"column":2}}},"branchMap":{"1":{"line":5,"type":"if","locations":[{"start":{"line":5,"column":1},"end":{"line":5,"column":1}},{"start":{"line":5,"column":1},"end":{"line":5,"column":1}}]},"2":{"line":6,"type":"binary-expr","locations":[{"start":{"line":6,"column":9},"end":{"line":6,"column":36}},{"start":{"line":6,"column":40},"end":{"line":6,"column":69}}]},"3":{"line":21,"type":"if","locations":[{"start":{"line":21,"column":1},"end":{"line":21,"column":1}},{"start":{"line":21,"column":1},"end":{"line":21,"column":1}}]},"4":{"line":22,"type":"if","locations":[{"start":{"line":22,"column":2},"end":{"line":22,"column":2}},{"start":{"line":22,"column":2},"end":{"line":22,"column":2}}]}},"code":["'use strict';","","","function destinationConfigExists(data) {","\tif (data.dest) {","\t\treturn data.dest instanceof Object || typeof data.dest === 'string';","\t}","","\treturn false;","}","","/**"," * Returns all dest, cssDest, jsDest, scssDest ... Configs"," *"," * @param {Object} an Object  of possible configs wich should be filtered and extracted"," *"," * @return {Array} the config prefix (or file extension). For example css for cssDest, or js for dest."," */","function extractDestData(data) {","","\tif (destinationConfigExists(data)) {","\t\tif (data.dest instanceof Object) {","\t\t\treturn extractMultiDestValues(data.dest);","\t\t}","\t\telse {","\t\t\treturn extractBackportDestination(data.dest);","\t\t}","\t}","","\treturn [];","}","","/**"," * Extract all destination values from config for the given schema:"," *\t {"," *\t\tcss: '/tmp/css.css',"," *\t\tjs: '/tmp/js.js'"," *\t}"," *"," *\tand will turn it into:"," *\t["," *\t\t{'assetType': css, 'path': '/tmp/css.css},"," *\t\t{'assetType': js, 'path': '/tmp/js.js}"," *\t]"," *"," * @param {Object} of all destinations"," *"," * @return {Array}"," */","function extractMultiDestValues(destinations) {","\tvar destinationConfigs = [];","","\tObject.keys(destinations).forEach(function(key) {","\t\tdestinationConfigs.push(","\t\t\t{'assetType': key, 'path': destinations[key]}","\t\t);","\t});","","\treturn destinationConfigs;","}","","/**"," * Extract the destination of the old fashioned of version 0.6.0"," * like dest: '/tmp/js.js'"," *"," * Actually this only puts the given destination into an Array of Objects to"," * fit to the new datastructure of destinations."," *"," * @param {String} path of the JS destination file"," *"," * @return {Array} with exact one element."," */","function extractBackportDestination(destination) {","\treturn [{'assetType': 'js', 'path': destination}];","}","","/**"," * Extracts all the values of an Object. For example if you pass:"," *\t {'key1': 'value1', 'key2': 'value2'}"," *\t it will return: ['value1', 'value2']"," *"," * @param an standart JS-Object."," *"," * @return all the values of an object"," */","function getValues(object) {","\tvar values = [];","\tObject.keys(object).forEach(function(key) {","\t\tvalues.push(object[key]);","\t});","","\treturn values.reverse();","}","","","module.exports = {","\textractDestData:  extractDestData,","\tgetValuesOfObject: getValues,","\tdestinationConfigExists: destinationConfigExists","};",""],"l":{"4":1,"5":0,"6":0,"9":0,"19":1,"21":0,"22":0,"23":0,"26":0,"30":0,"50":1,"51":0,"53":0,"54":0,"59":0,"73":1,"74":0,"86":1,"87":0,"88":0,"89":0,"92":0,"96":1}},"/tmp/npmtest/node-npmtest-grunt-bower-concat/node_modules/grunt-bower-concat/lib/dependencyTools.js":{"path":"/tmp/npmtest/node-npmtest-grunt-bower-concat/node_modules/grunt-bower-concat/lib/dependencyTools.js","s":{"1":1,"2":0,"3":0,"4":0,"5":0,"6":0,"7":0,"8":0,"9":0,"10":0,"11":1,"12":0,"13":0,"14":0,"15":0,"16":0,"17":0,"18":0,"19":0,"20":0,"21":0,"22":0,"23":0,"24":0,"25":0,"26":0,"27":1},"b":{"1":[0,0],"2":[0,0],"3":[0,0],"4":[0,0],"5":[0,0],"6":[0,0],"7":[0,0],"8":[0,0],"9":[0,0],"10":[0,0]},"f":{"1":0,"2":0,"3":0,"4":0},"fnMap":{"1":{"name":"buildDependencyGraph","line":6,"loc":{"start":{"line":6,"column":0},"end":{"line":6,"column":59}}},"2":{"name":"(anonymous_2)","line":12,"loc":{"start":{"line":12,"column":25},"end":{"line":12,"column":50}}},"3":{"name":"resolveDependencyGraph","line":35,"loc":{"start":{"line":35,"column":0},"end":{"line":35,"column":76}}},"4":{"name":"(anonymous_4)","line":48,"loc":{"start":{"line":48,"column":28},"end":{"line":48,"column":55}}}},"statementMap":{"1":{"start":{"line":6,"column":0},"end":{"line":25,"column":1}},"2":{"start":{"line":7,"column":1},"end":{"line":9,"column":2}},"3":{"start":{"line":8,"column":2},"end":{"line":8,"column":21}},"4":{"start":{"line":11,"column":1},"end":{"line":11,"column":49}},"5":{"start":{"line":12,"column":1},"end":{"line":24,"column":4}},"6":{"start":{"line":13,"column":2},"end":{"line":13,"column":48}},"7":{"start":{"line":15,"column":2},"end":{"line":17,"column":3}},"8":{"start":{"line":16,"column":3},"end":{"line":16,"column":38}},"9":{"start":{"line":21,"column":2},"end":{"line":23,"column":3}},"10":{"start":{"line":22,"column":3},"end":{"line":22,"column":72}},"11":{"start":{"line":35,"column":0},"end":{"line":62,"column":1}},"12":{"start":{"line":36,"column":1},"end":{"line":36,"column":24}},"13":{"start":{"line":37,"column":1},"end":{"line":46,"column":2}},"14":{"start":{"line":38,"column":2},"end":{"line":38,"column":44}},"15":{"start":{"line":39,"column":2},"end":{"line":41,"column":3}},"16":{"start":{"line":40,"column":3},"end":{"line":40,"column":97}},"17":{"start":{"line":42,"column":2},"end":{"line":42,"column":26}},"18":{"start":{"line":45,"column":2},"end":{"line":45,"column":49}},"19":{"start":{"line":48,"column":1},"end":{"line":56,"column":4}},"20":{"start":{"line":49,"column":2},"end":{"line":55,"column":3}},"21":{"start":{"line":50,"column":3},"end":{"line":52,"column":4}},"22":{"start":{"line":51,"column":4},"end":{"line":51,"column":92}},"23":{"start":{"line":54,"column":3},"end":{"line":54,"column":80}},"24":{"start":{"line":58,"column":1},"end":{"line":61,"column":2}},"25":{"start":{"line":59,"column":2},"end":{"line":59,"column":24}},"26":{"start":{"line":60,"column":2},"end":{"line":60,"column":64}},"27":{"start":{"line":65,"column":0},"end":{"line":68,"column":2}}},"branchMap":{"1":{"line":7,"type":"if","locations":[{"start":{"line":7,"column":1},"end":{"line":7,"column":1}},{"start":{"line":7,"column":1},"end":{"line":7,"column":1}}]},"2":{"line":7,"type":"binary-expr","locations":[{"start":{"line":7,"column":5},"end":{"line":7,"column":11}},{"start":{"line":7,"column":15},"end":{"line":7,"column":29}}]},"3":{"line":15,"type":"if","locations":[{"start":{"line":15,"column":2},"end":{"line":15,"column":2}},{"start":{"line":15,"column":2},"end":{"line":15,"column":2}}]},"4":{"line":15,"type":"binary-expr","locations":[{"start":{"line":15,"column":6},"end":{"line":15,"column":12}},{"start":{"line":15,"column":16},"end":{"line":15,"column":60}}]},"5":{"line":21,"type":"if","locations":[{"start":{"line":21,"column":2},"end":{"line":21,"column":2}},{"start":{"line":21,"column":2},"end":{"line":21,"column":2}}]},"6":{"line":37,"type":"if","locations":[{"start":{"line":37,"column":1},"end":{"line":37,"column":1}},{"start":{"line":37,"column":1},"end":{"line":37,"column":1}}]},"7":{"line":39,"type":"if","locations":[{"start":{"line":39,"column":2},"end":{"line":39,"column":2}},{"start":{"line":39,"column":2},"end":{"line":39,"column":2}}]},"8":{"line":49,"type":"if","locations":[{"start":{"line":49,"column":2},"end":{"line":49,"column":2}},{"start":{"line":49,"column":2},"end":{"line":49,"column":2}}]},"9":{"line":50,"type":"if","locations":[{"start":{"line":50,"column":3},"end":{"line":50,"column":3}},{"start":{"line":50,"column":3},"end":{"line":50,"column":3}}]},"10":{"line":58,"type":"if","locations":[{"start":{"line":58,"column":1},"end":{"line":58,"column":1}},{"start":{"line":58,"column":1},"end":{"line":58,"column":1}}]}},"code":["/**"," * Builds up a dependency graph for using a simple object structure containing the modules as keys and using arrays"," * as dependecy descriptors."," */","","function buildDependencyGraph(module, dependencies, graph) {","\tif (module && !graph[module]) {","\t\tgraph[module] = [];","\t}","","\tvar dependencyNames = Object.keys(dependencies);","\tdependencyNames.forEach(function(dependencyName) {","\t\tvar dependency = dependencies[dependencyName];","","\t\tif (module && graph[module].indexOf(dependencyName) === -1) {","\t\t\tgraph[module].push(dependencyName);","\t\t}","","\t\t// Traverse down to this dependency dependencies:","\t\t// Dependency-ception.","\t\tif (dependency.dependencies) {","\t\t\tbuildDependencyGraph(dependencyName, dependency.dependencies, graph);","\t\t}","\t});","}","","/**"," * Resolves a graph of dependencies into a flat, ordered array."," *"," * The arrays ordering ensures, that a dependecy of another module comes before the module itself."," *"," * This algorithem is adapted from the pseudo code example available here:"," * http://www.electricmonk.nl/log/2008/08/07/dependency-resolving-algorithm/"," */","function resolveDependencyGraph(module, resolved, unresolved, dependencies) {","\tvar moduleDependencies;","\tif (module) {","\t\tmoduleDependencies = dependencies[module];","\t\tif (!moduleDependencies) {","\t\t\tthrow new Error('Component ' + module + ' not installed. Try bower install --save ' + module);","\t\t}","\t\tunresolved.push(module);","\t}","\telse {","\t\tmoduleDependencies = Object.keys(dependencies);","\t}","","\tmoduleDependencies.forEach(function(moduleDependency) {","\t\tif (resolved.indexOf(moduleDependency) === -1) {","\t\t\tif (unresolved.indexOf(moduleDependency) !== -1) {","\t\t\t\tthrow new Error('Circular reference detected for ' + module + ' - ' + moduleDependency);","\t\t\t}","","\t\t\tresolveDependencyGraph(moduleDependency, resolved, unresolved, dependencies);","\t\t}","\t});","","\tif (module) {","\t\tresolved.push(module);","\t\tunresolved = unresolved.splice(unresolved.indexOf(module), 1);","\t}","}","","","module.exports = {","\tbuildDependencyGraph: buildDependencyGraph,","\tresolveDependencyGraph: resolveDependencyGraph","};",""],"l":{"6":1,"7":0,"8":0,"11":0,"12":0,"13":0,"15":0,"16":0,"21":0,"22":0,"35":1,"36":0,"37":0,"38":0,"39":0,"40":0,"42":0,"45":0,"48":0,"49":0,"50":0,"51":0,"54":0,"58":0,"59":0,"60":0,"65":1}}}